   1                             	r8	=	0xffef0
   2                             	r16	=	0xffee8
   3                             	r24	=	0xffee0
   4                             	r9	=	0xffef1
   5                             	r17	=	0xffee9
   6                             	r25	=	0xffee1
   7                             	r10	=	0xffef2
   8                             	r18	=	0xffeea
   9                             	r26	=	0xffee2
  10                             	r11	=	0xffef3
  11                             	r19	=	0xffeeb
  12                             	r27	=	0xffee3
  13                             	r12	=	0xffef4
  14                             	r20	=	0xffeec
  15                             	r28	=	0xffee4
  16                             	r13	=	0xffef5
  17                             	r21	=	0xffeed
  18                             	r29	=	0xffee5
  19                             	r14	=	0xffef6
  20                             	r22	=	0xffeee
  21                             	r30	=	0xffee6
  22                             	r15	=	0xffef7
  23                             	r23	=	0xffeef
  24                             	r31	=	0xffee7
  25                             	.text
  26                             	.Ltext0:
  27                             		.comm	_record,50,1
  28                             		.comm	_mem,50,1
  29                             		.comm	_display_string,50,1
  30                             		.comm	_voltage,1,1
  31                             		.comm	_current1,1,1
  32                             		.comm	_current2,1,1
  33                             		.comm	_date,6,1
  34                             		.comm	_scrollFlag,1,1
  35                             		.comm	_tempFlag,1,1
  36                             		.comm	_secFlag,1,1
  37                             		.comm	_scrollCount,2,2
  38                             		.comm	_timerFlag,2,2
  39                             		.local	_low
  40                             		.comm	_low,16,2
  41                             		.local	_high
  42                             		.comm	_high,16,2
  43                             		.local	_flag
  44                             		.comm	_flag,16,2
  45                             		.global	_bounce_correction
  47                             	_bounce_correction:
  48                             	.LFB0:
  49                             		.file 1 "../src/debounce.c"
   1:../src/debounce.c **** /*
   2:../src/debounce.c **** 
   3:../src/debounce.c ****  * debounce.c
   4:../src/debounce.c ****  *
   5:../src/debounce.c ****  *  Created on: 12 Apr 2017
   6:../src/debounce.c ****  *      Author: 19119038
   7:../src/debounce.c ****  */
   8:../src/debounce.c **** 
   9:../src/debounce.c **** #include "r_cg_userdefine.h"
  10:../src/debounce.c **** #include "debounce.h"
  11:../src/debounce.c **** 
  12:../src/debounce.c **** static uint16_t low[8];
  13:../src/debounce.c **** static uint16_t high[8];
  14:../src/debounce.c **** static uint16_t flag[8];
  15:../src/debounce.c **** 
  16:../src/debounce.c **** uint8_t bounce_correction(volatile __BITS8 *port, int pin_no){
  50                             		.loc 1 16 0
  51                             		; start of function
  52                             		; outgoing: 4 bytes
  53 0000 20 04                   		subw	sp, #4
  54                             	.LCFI0:
  17:../src/debounce.c **** 
  18:../src/debounce.c **** 
  19:../src/debounce.c **** if(getPin(port, pin_no) == 1){
  55                             		.loc 1 19 0
  56 0002 A8 08                   		movw	ax, [sp+8]
  57 0004 BD F0                   		movw	r8, ax
  58 0006 B8 00                   		movw	[sp], ax
  59 0008 A8 0A                   		movw	ax, [sp+10]
  60 000a BD F0                   		movw	r8, ax
  61 000c B8 02                   		movw	[sp+2], ax
  62 000e FC 00 00 00             		call	!!%code(_getPin)
  63 0012 4A F0 01                		cmp	r8, #1
  64 0015 61 E8                   		 skz
  65 0017 EC 5E 00 00             		 br	!!.L2
  20:../src/debounce.c **** 	high[pin_no]++;
  66                             		.loc 1 20 0
  67 001b A8 0A                   		movw	ax, [sp+10]
  68 001d BD F0                   		movw	r8, ax
  69 001f 01                      		addw	ax, ax
  70 0020 BD F0                   		movw	r8, ax
  71 0022 04 10 00                		addw	ax, #_high
  72 0025 BD F0                   		movw	r8, ax
  73 0027 BD F2                   		movw	r10, ax
  74 0029 FA F2                   		movw	hl, r10
  75 002b AB                      		movw	ax, [hl]
  76 002c BD F0                   		movw	r8, ax
  77 002e A1                      		incw	ax
  78 002f BD F2                   		movw	r10, ax
  79 0031 A8 0A                   		movw	ax, [sp+10]
  80 0033 BD F0                   		movw	r8, ax
  81 0035 01                      		addw	ax, ax
  82 0036 BD F0                   		movw	r8, ax
  83 0038 04 10 00                		addw	ax, #_high
  84 003b BD F0                   		movw	r8, ax
  85 003d BD F4                   		movw	r12, ax
  86 003f DA F4                   		movw	bc, r12
  87 0041 AD F2                   		movw	ax, r10
  88 0043 78 00 00                		movw	[bc], ax
  21:../src/debounce.c **** 	low[pin_no] = 0;
  89                             		.loc 1 21 0
  90 0046 A8 0A                   		movw	ax, [sp+10]
  91 0048 BD F0                   		movw	r8, ax
  92 004a 01                      		addw	ax, ax
  93 004b BD F0                   		movw	r8, ax
  94 004d 04 00 00                		addw	ax, #_low
  95 0050 BD F0                   		movw	r8, ax
  96 0052 BD F2                   		movw	r10, ax
  97 0054 DA F2                   		movw	bc, r10
  98 0056 F6                      		clrw	ax
  99 0057 78 00 00                		movw	[bc], ax
 100 005a EC 9D 00 00             		br	!!.L3
 101                             	.L2:
  22:../src/debounce.c **** }
  23:../src/debounce.c **** else{
  24:../src/debounce.c **** 	low[pin_no]++;
 102                             		.loc 1 24 0
 103 005e A8 0A                   		movw	ax, [sp+10]
 104 0060 BD F0                   		movw	r8, ax
 105 0062 01                      		addw	ax, ax
 106 0063 BD F0                   		movw	r8, ax
 107 0065 04 00 00                		addw	ax, #_low
 108 0068 BD F0                   		movw	r8, ax
 109 006a BD F4                   		movw	r12, ax
 110 006c FA F4                   		movw	hl, r12
 111 006e AB                      		movw	ax, [hl]
 112 006f BD F0                   		movw	r8, ax
 113 0071 A1                      		incw	ax
 114 0072 BD F2                   		movw	r10, ax
 115 0074 A8 0A                   		movw	ax, [sp+10]
 116 0076 BD F0                   		movw	r8, ax
 117 0078 01                      		addw	ax, ax
 118 0079 BD F0                   		movw	r8, ax
 119 007b 04 00 00                		addw	ax, #_low
 120 007e BD F0                   		movw	r8, ax
 121 0080 BD F4                   		movw	r12, ax
 122 0082 DA F4                   		movw	bc, r12
 123 0084 AD F2                   		movw	ax, r10
 124 0086 78 00 00                		movw	[bc], ax
  25:../src/debounce.c **** 	high[pin_no] = 0;
 125                             		.loc 1 25 0
 126 0089 A8 0A                   		movw	ax, [sp+10]
 127 008b BD F0                   		movw	r8, ax
 128 008d 01                      		addw	ax, ax
 129 008e BD F0                   		movw	r8, ax
 130 0090 04 10 00                		addw	ax, #_high
 131 0093 BD F0                   		movw	r8, ax
 132 0095 BD F2                   		movw	r10, ax
 133 0097 DA F2                   		movw	bc, r10
 134 0099 F6                      		clrw	ax
 135 009a 78 00 00                		movw	[bc], ax
 136                             	.L3:
  26:../src/debounce.c **** }
  27:../src/debounce.c **** 
  28:../src/debounce.c **** if(high[pin_no] > 1250){
 137                             		.loc 1 28 0
 138 009d A8 0A                   		movw	ax, [sp+10]
 139 009f BD F0                   		movw	r8, ax
 140 00a1 01                      		addw	ax, ax
 141 00a2 BD F0                   		movw	r8, ax
 142 00a4 04 10 00                		addw	ax, #_high
 143 00a7 BD F0                   		movw	r8, ax
 144 00a9 BD F4                   		movw	r12, ax
 145 00ab FA F4                   		movw	hl, r12
 146 00ad AB                      		movw	ax, [hl]
 147 00ae BD F0                   		movw	r8, ax
 148 00b0 44 E2 04                		cmpw	ax, #1250
 149 00b3 61 E3                   		 skh
 150 00b5 EC 05 01 00             		 br	!!.L4
  29:../src/debounce.c **** 	high[pin_no] = 1251;
 151                             		.loc 1 29 0
 152 00b9 A8 0A                   		movw	ax, [sp+10]
 153 00bb BD F0                   		movw	r8, ax
 154 00bd 01                      		addw	ax, ax
 155 00be BD F0                   		movw	r8, ax
 156 00c0 04 10 00                		addw	ax, #_high
 157 00c3 BD F0                   		movw	r8, ax
 158 00c5 BD F2                   		movw	r10, ax
 159 00c7 DA F2                   		movw	bc, r10
 160 00c9 30 E3 04                		movw	ax, #1251
 161 00cc 78 00 00                		movw	[bc], ax
  30:../src/debounce.c **** 	if(flag[pin_no] == 0){
 162                             		.loc 1 30 0
 163 00cf A8 0A                   		movw	ax, [sp+10]
 164 00d1 BD F0                   		movw	r8, ax
 165 00d3 01                      		addw	ax, ax
 166 00d4 BD F0                   		movw	r8, ax
 167 00d6 04 20 00                		addw	ax, #_flag
 168 00d9 BD F0                   		movw	r8, ax
 169 00db BD F4                   		movw	r12, ax
 170 00dd FA F4                   		movw	hl, r12
 171 00df AB                      		movw	ax, [hl]
 172 00e0 BD F0                   		movw	r8, ax
 173 00e2 44 00 00                		cmpw	ax, #0
 174 00e5 61 E8                   		 skz
 175 00e7 EC 49 01 00             		 br	!!.L5
  31:../src/debounce.c **** 		flag[pin_no] = 1;
 176                             		.loc 1 31 0
 177 00eb A8 0A                   		movw	ax, [sp+10]
 178 00ed BD F0                   		movw	r8, ax
 179 00ef 01                      		addw	ax, ax
 180 00f0 BD F0                   		movw	r8, ax
 181 00f2 04 20 00                		addw	ax, #_flag
 182 00f5 BD F0                   		movw	r8, ax
 183 00f7 BD F2                   		movw	r10, ax
 184 00f9 DA F2                   		movw	bc, r10
 185 00fb E6                      		onew	ax
 186 00fc 78 00 00                		movw	[bc], ax
  32:../src/debounce.c **** 		return 1;
 187                             		.loc 1 32 0
 188 00ff E4 F0                   		oneb	r8
 189 0101 EC 4B 01 00             		br	!!.L6
 190                             	.L4:
  33:../src/debounce.c **** 	}
  34:../src/debounce.c **** }
  35:../src/debounce.c **** else if(low[pin_no] > 1250){
 191                             		.loc 1 35 0
 192 0105 A8 0A                   		movw	ax, [sp+10]
 193 0107 BD F0                   		movw	r8, ax
 194 0109 01                      		addw	ax, ax
 195 010a BD F0                   		movw	r8, ax
 196 010c 04 00 00                		addw	ax, #_low
 197 010f BD F0                   		movw	r8, ax
 198 0111 BD F4                   		movw	r12, ax
 199 0113 FA F4                   		movw	hl, r12
 200 0115 AB                      		movw	ax, [hl]
 201 0116 BD F0                   		movw	r8, ax
 202 0118 44 E2 04                		cmpw	ax, #1250
 203 011b 61 E3                   		 skh
 204 011d EC 49 01 00             		 br	!!.L5
  36:../src/debounce.c **** 		flag[pin_no] = 0;
 205                             		.loc 1 36 0
 206 0121 A8 0A                   		movw	ax, [sp+10]
 207 0123 BD F0                   		movw	r8, ax
 208 0125 01                      		addw	ax, ax
 209 0126 BD F0                   		movw	r8, ax
 210 0128 04 20 00                		addw	ax, #_flag
 211 012b BD F0                   		movw	r8, ax
 212 012d BD F2                   		movw	r10, ax
 213 012f DA F2                   		movw	bc, r10
 214 0131 F6                      		clrw	ax
 215 0132 78 00 00                		movw	[bc], ax
  37:../src/debounce.c **** 		low[pin_no] = 0;
 216                             		.loc 1 37 0
 217 0135 A8 0A                   		movw	ax, [sp+10]
 218 0137 BD F0                   		movw	r8, ax
 219 0139 01                      		addw	ax, ax
 220 013a BD F0                   		movw	r8, ax
 221 013c 04 00 00                		addw	ax, #_low
 222 013f BD F0                   		movw	r8, ax
 223 0141 BD F4                   		movw	r12, ax
 224 0143 DA F4                   		movw	bc, r12
 225 0145 F6                      		clrw	ax
 226 0146 78 00 00                		movw	[bc], ax
 227                             	.L5:
  38:../src/debounce.c **** }
  39:../src/debounce.c **** 
  40:../src/debounce.c **** return 0;
 228                             		.loc 1 40 0
 229 0149 F4 F0                   		clrb	r8
 230                             	.L6:
  41:../src/debounce.c **** 
  42:../src/debounce.c **** }
 231                             		.loc 1 42 0
 232 014b 10 04                   		addw	sp, #4
 233 014d D7                      		ret
 234                             	.LFE0:
 236                             		.global	_getPin
 238                             	_getPin:
 239                             	.LFB1:
  43:../src/debounce.c **** 
  44:../src/debounce.c **** unsigned char getPin(volatile __BITS8 *port, int pin_no){
 240                             		.loc 1 44 0
  45:../src/debounce.c **** 
  46:../src/debounce.c **** 	switch(pin_no){
 241                             		.loc 1 46 0
 242 014e A8 06                   		movw	ax, [sp+6]
 243 0150 BD F0                   		movw	r8, ax
 244 0152 44 03 00                		cmpw	ax, #3
 245 0155 61 F8                   		 sknz
 246 0157 EC FE 01 00             		 br	!!.L9
 247 015b AD F0                   		movw	ax, r8
 248 015d 44 03 00                		cmpw	ax, #3
 249 0160 71 FF                   		 xor1	CY, a.7
 250 0162 61 F3                   		 sknh
 251 0164 EC 8F 01 00             		 br	!!.L10
 252 0168 AD F0                   		movw	ax, r8
 253 016a 44 01 00                		cmpw	ax, #1
 254 016d 61 F8                   		 sknz
 255 016f EC D2 01 00             		 br	!!.L11
 256 0173 AD F0                   		movw	ax, r8
 257 0175 44 01 00                		cmpw	ax, #1
 258 0178 71 FF                   		 xor1	CY, a.7
 259 017a 61 F3                   		 sknh
 260 017c EC E8 01 00             		 br	!!.L12
 261 0180 AD F0                   		movw	ax, r8
 262 0182 44 00 00                		cmpw	ax, #0
 263 0185 61 F8                   		 sknz
 264 0187 EC C1 01 00             		 br	!!.L13
 265 018b EC 69 02 00             		br	!!.L8
 266                             	.L10:
 267 018f AD F0                   		movw	ax, r8
 268 0191 44 05 00                		cmpw	ax, #5
 269 0194 61 F8                   		 sknz
 270 0196 EC 2A 02 00             		 br	!!.L14
 271 019a AD F0                   		movw	ax, r8
 272 019c 44 05 00                		cmpw	ax, #5
 273 019f 71 FF                   		 xor1	CY, a.7
 274 01a1 61 D8                   		 sknc
 275 01a3 EC 14 02 00             		 br	!!.L15
 276 01a7 AD F0                   		movw	ax, r8
 277 01a9 44 06 00                		cmpw	ax, #6
 278 01ac 61 F8                   		 sknz
 279 01ae EC 40 02 00             		 br	!!.L16
 280 01b2 AD F0                   		movw	ax, r8
 281 01b4 44 07 00                		cmpw	ax, #7
 282 01b7 61 F8                   		 sknz
 283 01b9 EC 56 02 00             		 br	!!.L17
 284 01bd EC 69 02 00             		br	!!.L8
 285                             	.L13:
  47:../src/debounce.c **** 		case 0: return port->no0; break;
 286                             		.loc 1 47 0
 287 01c1 A8 04                   		movw	ax, [sp+4]
 288 01c3 BD F0                   		movw	r8, ax
 289 01c5 BD F2                   		movw	r10, ax
 290 01c7 EA F2                   		movw	de, r10
 291 01c9 89                      		mov	a, [de]
 292 01ca 5C 01                   		and	a, #1
 293 01cc 9D F0                   		mov	r8, a
 294 01ce EC 6C 02 00             		br	!!.L18
 295                             	.L11:
  48:../src/debounce.c **** 		case 1: return port->no1; break;
 296                             		.loc 1 48 0
 297 01d2 A8 04                   		movw	ax, [sp+4]
 298 01d4 BD F0                   		movw	r8, ax
 299 01d6 BD F2                   		movw	r10, ax
 300 01d8 FA F2                   		movw	hl, r10
 301 01da 8B                      		mov	a, [hl]
 302 01db 9D F0                   		mov	r8, a
 303 01dd 31 1A                   		shr	a, 1
 304 01df 9D F0                   		mov	r8, a
 305 01e1 5A F0 01                		and	r8, #1
 306 01e4 EC 6C 02 00             		br	!!.L18
 307                             	.L12:
  49:../src/debounce.c **** 		case 2: return port->no2; break;
 308                             		.loc 1 49 0
 309 01e8 A8 04                   		movw	ax, [sp+4]
 310 01ea BD F0                   		movw	r8, ax
 311 01ec BD F2                   		movw	r10, ax
 312 01ee FA F2                   		movw	hl, r10
 313 01f0 8B                      		mov	a, [hl]
 314 01f1 9D F0                   		mov	r8, a
 315 01f3 31 2A                   		shr	a, 2
 316 01f5 9D F0                   		mov	r8, a
 317 01f7 5A F0 01                		and	r8, #1
 318 01fa EC 6C 02 00             		br	!!.L18
 319                             	.L9:
  50:../src/debounce.c **** 		case 3: return port->no3; break;
 320                             		.loc 1 50 0
 321 01fe A8 04                   		movw	ax, [sp+4]
 322 0200 BD F0                   		movw	r8, ax
 323 0202 BD F2                   		movw	r10, ax
 324 0204 FA F2                   		movw	hl, r10
 325 0206 8B                      		mov	a, [hl]
 326 0207 9D F0                   		mov	r8, a
 327 0209 31 3A                   		shr	a, 3
 328 020b 9D F0                   		mov	r8, a
 329 020d 5A F0 01                		and	r8, #1
 330 0210 EC 6C 02 00             		br	!!.L18
 331                             	.L15:
  51:../src/debounce.c **** 		case 4: return port->no4; break;
 332                             		.loc 1 51 0
 333 0214 A8 04                   		movw	ax, [sp+4]
 334 0216 BD F0                   		movw	r8, ax
 335 0218 BD F2                   		movw	r10, ax
 336 021a FA F2                   		movw	hl, r10
 337 021c 8B                      		mov	a, [hl]
 338 021d 9D F0                   		mov	r8, a
 339 021f 31 4A                   		shr	a, 4
 340 0221 9D F0                   		mov	r8, a
 341 0223 5A F0 01                		and	r8, #1
 342 0226 EC 6C 02 00             		br	!!.L18
 343                             	.L14:
  52:../src/debounce.c **** 		case 5: return port->no5; break;
 344                             		.loc 1 52 0
 345 022a A8 04                   		movw	ax, [sp+4]
 346 022c BD F0                   		movw	r8, ax
 347 022e BD F2                   		movw	r10, ax
 348 0230 FA F2                   		movw	hl, r10
 349 0232 8B                      		mov	a, [hl]
 350 0233 9D F0                   		mov	r8, a
 351 0235 31 5A                   		shr	a, 5
 352 0237 9D F0                   		mov	r8, a
 353 0239 5A F0 01                		and	r8, #1
 354 023c EC 6C 02 00             		br	!!.L18
 355                             	.L16:
  53:../src/debounce.c **** 		case 6: return port->no6; break;
 356                             		.loc 1 53 0
 357 0240 A8 04                   		movw	ax, [sp+4]
 358 0242 BD F0                   		movw	r8, ax
 359 0244 BD F2                   		movw	r10, ax
 360 0246 FA F2                   		movw	hl, r10
 361 0248 8B                      		mov	a, [hl]
 362 0249 9D F0                   		mov	r8, a
 363 024b 31 6A                   		shr	a, 6
 364 024d 9D F0                   		mov	r8, a
 365 024f 5A F0 01                		and	r8, #1
 366 0252 EC 6C 02 00             		br	!!.L18
 367                             	.L17:
  54:../src/debounce.c **** 		case 7: return port->no7; break;
 368                             		.loc 1 54 0
 369 0256 A8 04                   		movw	ax, [sp+4]
 370 0258 BD F0                   		movw	r8, ax
 371 025a BD F2                   		movw	r10, ax
 372 025c FA F2                   		movw	hl, r10
 373 025e 8B                      		mov	a, [hl]
 374 025f 9D F0                   		mov	r8, a
 375 0261 31 7A                   		shr	a, 7
 376 0263 9D F0                   		mov	r8, a
 377 0265 EC 6C 02 00             		br	!!.L18
 378                             	.L8:
  55:../src/debounce.c **** 		default: return -1;
 379                             		.loc 1 55 0
 380 0269 CD F0 FF                		mov	r8, #-1
 381                             	.L18:
  56:../src/debounce.c **** 
  57:../src/debounce.c **** 	}
  58:../src/debounce.c **** 
  59:../src/debounce.c **** 	return 0;
  60:../src/debounce.c **** }
 382                             		.loc 1 60 0
 383 026c D7                      		ret
 384                             	.LFE1:
 424                             	.Letext0:
 425                             		.file 2 "../src/iodefine.h"
 426                             		.file 3 "../src/r_cg_macrodriver.h"
 427                             		.file 4 "../src/globals.h"
