   1                             	r8	=	0xffef0
   2                             	r16	=	0xffee8
   3                             	r24	=	0xffee0
   4                             	r9	=	0xffef1
   5                             	r17	=	0xffee9
   6                             	r25	=	0xffee1
   7                             	r10	=	0xffef2
   8                             	r18	=	0xffeea
   9                             	r26	=	0xffee2
  10                             	r11	=	0xffef3
  11                             	r19	=	0xffeeb
  12                             	r27	=	0xffee3
  13                             	r12	=	0xffef4
  14                             	r20	=	0xffeec
  15                             	r28	=	0xffee4
  16                             	r13	=	0xffef5
  17                             	r21	=	0xffeed
  18                             	r29	=	0xffee5
  19                             	r14	=	0xffef6
  20                             	r22	=	0xffeee
  21                             	r30	=	0xffee6
  22                             	r15	=	0xffef7
  23                             	r23	=	0xffeef
  24                             	r31	=	0xffee7
  25                             	.text
  26                             	.Ltext0:
  27                             		.comm	_record,50,1
  28                             		.comm	_mem,50,1
  29                             		.comm	_display_string,50,1
  30                             		.comm	_timerFlag,2,2
  31                             		.comm	_count,2,2
  32                             		.comm	_interval_timer_count,2,2
  33                             		.global	_Option_Bytes
  34                             		.section	.option_bytes,"a",@progbits
  37                             	_Option_Bytes:
  38 0000 EF                      		.byte	-17
  39 0001 FF                      		.byte	-1
  40 0002 E9                      		.byte	-23
  41 0003 84                      		.byte	-124
  42                             		.global	_Security_Id
  43                             		.section	.security_id,"a",@progbits
  46                             	_Security_Id:
  47 0000 00 00 00 00 00 00 00 00 		.zero	10
  47      00 00 
  48                             		.global	_HardwareVectors
  49                             		.section	.vec,"aw",@progbits
  50                             		.balign 2
  53                             	_HardwareVectors:
  54 0000 00 00                   		.short	%code(_PowerON_Reset)
  55 0002 FF FF                   		.short	-1
  56                             		.global	_Vectors
  57                             		.section	.vects,"aw",@progbits
  58                             		.balign 2
  61                             	_Vectors:
  62 0000 00 00                   		.short	%code(_R_Dummy)
  63 0002 00 00                   		.short	%code(_R_Dummy)
  64 0004 00 00                   		.short	%code(_R_Dummy)
  65 0006 00 00                   		.short	%code(_R_Dummy)
  66 0008 00 00                   		.short	%code(_R_Dummy)
  67 000a 00 00                   		.short	%code(_R_Dummy)
  68 000c 00 00                   		.short	%code(_R_Dummy)
  69 000e 00 00                   		.short	%code(_R_Dummy)
  70 0010 00 00                   		.short	%code(_R_Dummy)
  71 0012 00 00                   		.short	%code(_R_Dummy)
  72 0014 00 00                   		.short	%code(_R_Dummy)
  73 0016 00 00                   		.short	%code(_R_Dummy)
  74 0018 00 00                   		.short	%code(_R_Dummy)
  75 001a 00 00                   		.short	%code(_R_Dummy)
  76 001c 00 00                   		.short	%code(_R_Dummy)
  77 001e 00 00                   		.short	%code(_R_Dummy)
  78 0020 00 00                   		.short	%code(_r_uart1_interrupt_send)
  79 0022 00 00                   		.short	%code(_r_uart1_interrupt_receive)
  80 0024 00 00                   		.short	%code(_R_Dummy)
  81 0026 00 00                   		.short	%code(_R_Dummy)
  82 0028 00 00                   		.short	%code(_r_tau0_channel0_interrupt)
  83 002a 00 00                   		.short	%code(_r_tau0_channel1_interrupt)
  84 002c 00 00                   		.short	%code(_R_Dummy)
  85 002e 00 00                   		.short	%code(_R_Dummy)
  86 0030 00 00                   		.short	%code(_r_adc_interrupt)
  87 0032 00 00                   		.short	%code(_R_Dummy)
  88 0034 00 00                   		.short	%code(_r_it_interrupt)
  89 0036 00 00                   		.short	%code(_R_Dummy)
  90 0038 00 00                   		.short	%code(_R_Dummy)
  91 003a 00 00                   		.short	%code(_R_Dummy)
  92 003c 00 00                   		.short	%code(_R_Dummy)
  93 003e 00 00                   		.short	%code(_R_Dummy)
  94 0040 00 00                   		.short	%code(_R_Dummy)
  95 0042 00 00                   		.short	%code(_R_Dummy)
  96 0044 00 00                   		.short	%code(_R_Dummy)
  97 0046 00 00                   		.short	%code(_R_Dummy)
  98 0048 00 00                   		.short	%code(_R_Dummy)
  99 004a 00 00                   		.short	%code(_R_Dummy)
 100 004c 00 00                   		.short	%code(_R_Dummy)
 101 004e 00 00                   		.short	%code(_R_Dummy)
 102 0050 00 00                   		.short	%code(_R_Dummy)
 103 0052 00 00                   		.short	%code(_R_Dummy)
 104 0054 00 00                   		.short	%code(_R_Dummy)
 105 0056 00 00                   		.short	%code(_R_Dummy)
 106 0058 00 00                   		.short	%code(_R_Dummy)
 107 005a 00 00                   		.short	%code(_R_Dummy)
 108 005c 00 00                   		.short	%code(_R_Dummy)
 109 005e 00 00                   		.short	%code(_R_Dummy)
 110 0060 00 00                   		.short	%code(_R_Dummy)
 111 0062 00 00                   		.short	%code(_R_Dummy)
 112 0064 00 00                   		.short	%code(_R_Dummy)
 113 0066 00 00                   		.short	%code(_R_Dummy)
 114 0068 00 00                   		.short	%code(_R_Dummy)
 115 006a 00 00                   		.short	%code(_R_Dummy)
 116 006c 00 00                   		.short	%code(_R_Dummy)
 117 006e 00 00                   		.short	%code(_R_Dummy)
 118 0070 00 00                   		.short	%code(_R_Dummy)
 119 0072 00 00                   		.short	%code(_R_Dummy)
 120 0074 00 00                   		.short	%code(_R_Dummy)
 121 0076 00 00                   		.short	%code(_R_Dummy)
 122 0078 00 00                   		.short	%code(_R_Dummy)
 123 007a 00 00                   		.short	%code(_R_Dummy)
 124                             	.text
 125                             		.global	_R_Dummy
 127                             	_R_Dummy:
 128                             	.LFB0:
 129                             		.file 1 "../src/r_cg_vector_table.c"
   1:../src/r_cg_vector_table.c **** /**************************************************************************************************
   2:../src/r_cg_vector_table.c **** * DISCLAIMER
   3:../src/r_cg_vector_table.c **** * This software is supplied by Renesas Electronics Corporation and is only intended for use with Re
   4:../src/r_cg_vector_table.c **** * No other uses are authorized. This software is owned by Renesas Electronics Corporation and is pr
   5:../src/r_cg_vector_table.c **** * applicable laws, including copyright laws. 
   6:../src/r_cg_vector_table.c **** * THIS SOFTWARE IS PROVIDED "AS IS" AND RENESAS MAKES NO WARRANTIESREGARDING THIS SOFTWARE, WHETHER
   7:../src/r_cg_vector_table.c **** * OR STATUTORY, INCLUDING BUT NOT LIMITED TO WARRANTIES OF MERCHANTABILITY, FITNESS FOR A PARTICULA
   8:../src/r_cg_vector_table.c **** * NON-INFRINGEMENT.  ALL SUCH WARRANTIES ARE EXPRESSLY DISCLAIMED.TO THE MAXIMUM EXTENT PERMITTED N
   9:../src/r_cg_vector_table.c **** * LAW, NEITHER RENESAS ELECTRONICS CORPORATION NOR ANY OF ITS AFFILIATED COMPANIES SHALL BE LIABLE 
  10:../src/r_cg_vector_table.c **** * INDIRECT, SPECIAL, INCIDENTAL OR CONSEQUENTIAL DAMAGES FOR ANY REASON RELATED TO THIS SOFTWARE, E
  11:../src/r_cg_vector_table.c **** * ITS AFFILIATES HAVE BEEN ADVISED OF THE POSSIBILITY OF SUCH DAMAGES.
  12:../src/r_cg_vector_table.c **** * Renesas reserves the right, without notice, to make changes to this software and to discontinue t
  13:../src/r_cg_vector_table.c **** * of this software. By using this software, you agree to the additional terms and conditions found 
  14:../src/r_cg_vector_table.c **** * following link:
  15:../src/r_cg_vector_table.c **** * http://www.renesas.com/disclaimer
  16:../src/r_cg_vector_table.c **** *
  17:../src/r_cg_vector_table.c **** * Copyright (C) 2011, 2015 Renesas Electronics Corporation. All rights reserved.
  18:../src/r_cg_vector_table.c **** ***************************************************************************************************
  19:../src/r_cg_vector_table.c **** 
  20:../src/r_cg_vector_table.c **** /**************************************************************************************************
  21:../src/r_cg_vector_table.c **** * File Name    : r_cg_vector_table.c
  22:../src/r_cg_vector_table.c **** * Version      : CodeGenerator for RL78/G13 V2.03.02.01 [15 May 2015]
  23:../src/r_cg_vector_table.c **** * Device(s)    : R5F100LE
  24:../src/r_cg_vector_table.c **** * Tool-Chain   : GCCRL78
  25:../src/r_cg_vector_table.c **** * Description  : This file implements interrupt vector.
  26:../src/r_cg_vector_table.c **** * Creation Date: 2017/04/12
  27:../src/r_cg_vector_table.c **** ***************************************************************************************************
  28:../src/r_cg_vector_table.c **** 
  29:../src/r_cg_vector_table.c **** /**************************************************************************************************
  30:../src/r_cg_vector_table.c **** Includes
  31:../src/r_cg_vector_table.c **** ***************************************************************************************************
  32:../src/r_cg_vector_table.c **** #include "r_cg_macrodriver.h"
  33:../src/r_cg_vector_table.c **** #include "r_cg_userdefine.h"
  34:../src/r_cg_vector_table.c **** 
  35:../src/r_cg_vector_table.c **** /**************************************************************************************************
  36:../src/r_cg_vector_table.c **** Global variables and functions
  37:../src/r_cg_vector_table.c **** ***************************************************************************************************
  38:../src/r_cg_vector_table.c **** /* Set option bytes */
  39:../src/r_cg_vector_table.c **** #define OPTION_SECT          __attribute__ ((section (".option_bytes")))
  40:../src/r_cg_vector_table.c **** const uint8_t Option_Bytes[] OPTION_SECT = 
  41:../src/r_cg_vector_table.c ****     {0xEFU, 0xFFU, 0xE9U, 0x84U};
  42:../src/r_cg_vector_table.c **** 
  43:../src/r_cg_vector_table.c **** /* Set security ID */
  44:../src/r_cg_vector_table.c **** #define SECURITYID_SECT          __attribute__ ((section (".security_id")))
  45:../src/r_cg_vector_table.c **** const uint8_t Security_Id[] SECURITYID_SECT = 
  46:../src/r_cg_vector_table.c ****     {0x00U, 0x00U, 0x00U, 0x00U, 0x00U, 0x00U, 0x00U, 0x00U, 0x00U, 0x00U};
  47:../src/r_cg_vector_table.c **** 
  48:../src/r_cg_vector_table.c **** 
  49:../src/r_cg_vector_table.c **** #define VEC          __attribute__ ((section (".vec")))
  50:../src/r_cg_vector_table.c **** const void *HardwareVectors[] VEC  = {
  51:../src/r_cg_vector_table.c **** 	// Address 0x0
  52:../src/r_cg_vector_table.c **** 	PowerON_Reset,
  53:../src/r_cg_vector_table.c **** 	// Secure for Debugging
  54:../src/r_cg_vector_table.c ****     (void*)0xFFFF
  55:../src/r_cg_vector_table.c **** };
  56:../src/r_cg_vector_table.c **** 
  57:../src/r_cg_vector_table.c **** #define VECT_SECT          __attribute__ ((section (".vects")))
  58:../src/r_cg_vector_table.c **** const void *Vectors[] VECT_SECT  = {
  59:../src/r_cg_vector_table.c **** 	// Address 0x4
  60:../src/r_cg_vector_table.c **** 	R_Dummy,
  61:../src/r_cg_vector_table.c **** 	// Address 0x6
  62:../src/r_cg_vector_table.c **** 	R_Dummy,
  63:../src/r_cg_vector_table.c **** 	// Address 0x8
  64:../src/r_cg_vector_table.c **** 	R_Dummy,
  65:../src/r_cg_vector_table.c **** 	// Address 0xA
  66:../src/r_cg_vector_table.c **** 	R_Dummy,
  67:../src/r_cg_vector_table.c **** 	// Address 0xC
  68:../src/r_cg_vector_table.c **** 	R_Dummy,
  69:../src/r_cg_vector_table.c **** 	// Address 0xE
  70:../src/r_cg_vector_table.c **** 	R_Dummy,
  71:../src/r_cg_vector_table.c **** 	// Address 0x10
  72:../src/r_cg_vector_table.c **** 	R_Dummy,
  73:../src/r_cg_vector_table.c **** 	// Address 0x12
  74:../src/r_cg_vector_table.c **** 	R_Dummy,
  75:../src/r_cg_vector_table.c **** 	// Address 0x14
  76:../src/r_cg_vector_table.c **** 	R_Dummy,
  77:../src/r_cg_vector_table.c **** 	// Address 0x16
  78:../src/r_cg_vector_table.c **** 	R_Dummy,
  79:../src/r_cg_vector_table.c **** 	// Address 0x18
  80:../src/r_cg_vector_table.c **** 	R_Dummy,
  81:../src/r_cg_vector_table.c **** 	// Address 0x1A
  82:../src/r_cg_vector_table.c **** 	R_Dummy,
  83:../src/r_cg_vector_table.c **** 	// Address 0x1C
  84:../src/r_cg_vector_table.c **** 	R_Dummy,
  85:../src/r_cg_vector_table.c **** 	// Address 0x1E
  86:../src/r_cg_vector_table.c **** 	R_Dummy,
  87:../src/r_cg_vector_table.c **** 	// Address 0x20
  88:../src/r_cg_vector_table.c **** 	R_Dummy,
  89:../src/r_cg_vector_table.c **** 	// Address 0x22
  90:../src/r_cg_vector_table.c **** 	R_Dummy,
  91:../src/r_cg_vector_table.c **** 	// Address 0x24
  92:../src/r_cg_vector_table.c **** 	r_uart1_interrupt_send,
  93:../src/r_cg_vector_table.c **** 	// Address 0x26
  94:../src/r_cg_vector_table.c **** 	r_uart1_interrupt_receive,
  95:../src/r_cg_vector_table.c **** 	// Address 0x28
  96:../src/r_cg_vector_table.c **** 	R_Dummy,
  97:../src/r_cg_vector_table.c **** 	// Address 0x2A
  98:../src/r_cg_vector_table.c **** 	R_Dummy,
  99:../src/r_cg_vector_table.c **** 	// Address 0x2C
 100:../src/r_cg_vector_table.c **** 	r_tau0_channel0_interrupt,
 101:../src/r_cg_vector_table.c **** 	// Address 0x2E
 102:../src/r_cg_vector_table.c **** 	r_tau0_channel1_interrupt,
 103:../src/r_cg_vector_table.c **** 	// Address 0x30
 104:../src/r_cg_vector_table.c **** 	R_Dummy,
 105:../src/r_cg_vector_table.c **** 	// Address 0x32
 106:../src/r_cg_vector_table.c **** 	R_Dummy,
 107:../src/r_cg_vector_table.c **** 	// Address 0x34
 108:../src/r_cg_vector_table.c **** 	r_adc_interrupt,
 109:../src/r_cg_vector_table.c **** 	// Address 0x36
 110:../src/r_cg_vector_table.c **** 	R_Dummy,
 111:../src/r_cg_vector_table.c **** 	// Address 0x38
 112:../src/r_cg_vector_table.c **** 	r_it_interrupt,
 113:../src/r_cg_vector_table.c **** 	// Address 0x3A
 114:../src/r_cg_vector_table.c **** 	R_Dummy,
 115:../src/r_cg_vector_table.c **** 	// Address 0x3C
 116:../src/r_cg_vector_table.c **** 	R_Dummy,
 117:../src/r_cg_vector_table.c **** 	// Address 0x3E
 118:../src/r_cg_vector_table.c **** 	R_Dummy,
 119:../src/r_cg_vector_table.c **** 	// Address 0x40
 120:../src/r_cg_vector_table.c **** 	R_Dummy,
 121:../src/r_cg_vector_table.c **** 	// Address 0x42
 122:../src/r_cg_vector_table.c **** 	R_Dummy,
 123:../src/r_cg_vector_table.c **** 	// Address 0x44
 124:../src/r_cg_vector_table.c **** 	R_Dummy,
 125:../src/r_cg_vector_table.c **** 	// Address 0x46
 126:../src/r_cg_vector_table.c **** 	R_Dummy,
 127:../src/r_cg_vector_table.c **** 	// Address 0x48
 128:../src/r_cg_vector_table.c **** 	R_Dummy,
 129:../src/r_cg_vector_table.c **** 	// Address 0x4A
 130:../src/r_cg_vector_table.c **** 	R_Dummy,
 131:../src/r_cg_vector_table.c **** 	// Address 0x4C
 132:../src/r_cg_vector_table.c **** 	R_Dummy,
 133:../src/r_cg_vector_table.c **** 	// Address 0x4E
 134:../src/r_cg_vector_table.c **** 	R_Dummy,
 135:../src/r_cg_vector_table.c **** 	// Address 0x50
 136:../src/r_cg_vector_table.c **** 	R_Dummy,
 137:../src/r_cg_vector_table.c **** 	// Address 0x52
 138:../src/r_cg_vector_table.c **** 	R_Dummy,
 139:../src/r_cg_vector_table.c **** 	// Address 0x54
 140:../src/r_cg_vector_table.c **** 	R_Dummy,
 141:../src/r_cg_vector_table.c **** 	// Address 0x56
 142:../src/r_cg_vector_table.c **** 	R_Dummy,
 143:../src/r_cg_vector_table.c **** 	// Address 0x58
 144:../src/r_cg_vector_table.c **** 	R_Dummy,
 145:../src/r_cg_vector_table.c **** 	// Address 0x5A
 146:../src/r_cg_vector_table.c **** 	R_Dummy,
 147:../src/r_cg_vector_table.c **** 	// Address 0x5C
 148:../src/r_cg_vector_table.c **** 	R_Dummy,
 149:../src/r_cg_vector_table.c **** 	// Address 0x5E
 150:../src/r_cg_vector_table.c **** 	R_Dummy,
 151:../src/r_cg_vector_table.c **** 	// Address 0x60
 152:../src/r_cg_vector_table.c **** 	R_Dummy,
 153:../src/r_cg_vector_table.c **** 	// Address 0x62
 154:../src/r_cg_vector_table.c **** 	R_Dummy,
 155:../src/r_cg_vector_table.c **** 	// Address 0x64
 156:../src/r_cg_vector_table.c **** 	R_Dummy,
 157:../src/r_cg_vector_table.c **** 	// Address 0x66
 158:../src/r_cg_vector_table.c **** 	R_Dummy,
 159:../src/r_cg_vector_table.c **** 	// Address 0x68
 160:../src/r_cg_vector_table.c **** 	R_Dummy,
 161:../src/r_cg_vector_table.c **** 	// Address 0x6A
 162:../src/r_cg_vector_table.c **** 	R_Dummy,
 163:../src/r_cg_vector_table.c **** 	// Address 0x6C
 164:../src/r_cg_vector_table.c **** 	R_Dummy,
 165:../src/r_cg_vector_table.c **** 	// Address 0x6E
 166:../src/r_cg_vector_table.c **** 	R_Dummy,
 167:../src/r_cg_vector_table.c **** 	// Address 0x70
 168:../src/r_cg_vector_table.c **** 	R_Dummy,
 169:../src/r_cg_vector_table.c **** 	// Address 0x72
 170:../src/r_cg_vector_table.c **** 	R_Dummy,
 171:../src/r_cg_vector_table.c **** 	// Address 0x74
 172:../src/r_cg_vector_table.c **** 	R_Dummy,
 173:../src/r_cg_vector_table.c **** 	// Address 0x76
 174:../src/r_cg_vector_table.c **** 	R_Dummy,
 175:../src/r_cg_vector_table.c **** 	// Address 0x78
 176:../src/r_cg_vector_table.c **** 	R_Dummy,
 177:../src/r_cg_vector_table.c **** 	// Address 0x7A
 178:../src/r_cg_vector_table.c **** 	R_Dummy,
 179:../src/r_cg_vector_table.c **** 	// Address 0x7C
 180:../src/r_cg_vector_table.c **** 	R_Dummy,
 181:../src/r_cg_vector_table.c **** 	// Address 0x7E
 182:../src/r_cg_vector_table.c **** 	R_Dummy,
 183:../src/r_cg_vector_table.c **** };
 184:../src/r_cg_vector_table.c **** /**************************************************************************************************
 185:../src/r_cg_vector_table.c **** * Function Name: R_Dummy
 186:../src/r_cg_vector_table.c **** * Description  : None
 187:../src/r_cg_vector_table.c **** * Arguments    : None
 188:../src/r_cg_vector_table.c **** * Return Value : None
 189:../src/r_cg_vector_table.c **** ***************************************************************************************************
 190:../src/r_cg_vector_table.c **** void R_Dummy(void)
 191:../src/r_cg_vector_table.c **** {
 130                             		.loc 1 191 0
 131                             		; start of function
 132                             		; push 8: ax bc de hl
 133 0000 61 CF                   		sel	rb0
 134 0002 C1                      		push	ax
 135                             	.LCFI0:
 136 0003 C3                      		push	bc
 137                             	.LCFI1:
 138 0004 C5                      		push	de
 139                             	.LCFI2:
 140 0005 C7                      		push	hl
 141                             	.LCFI3:
 192:../src/r_cg_vector_table.c ****     /* Start user code. Do not edit comment generated here */
 193:../src/r_cg_vector_table.c ****     /* End user code. Do not edit comment generated here */
 194:../src/r_cg_vector_table.c **** }
 142                             		.loc 1 194 0
 143 0006 C6                      		pop	hl
 144 0007 C4                      		pop	de
 145 0008 C2                      		pop	bc
 146 0009 C0                      		pop	ax
 147 000a 61 FC                   		reti
 148                             	.LFE0:
 192                             	.Letext0:
 193                             		.file 2 "../src/globals.h"
 194                             		.file 3 "../src/r_cg_macrodriver.h"
