   1                             	r8	=	0xffef0
   2                             	r16	=	0xffee8
   3                             	r24	=	0xffee0
   4                             	r9	=	0xffef1
   5                             	r17	=	0xffee9
   6                             	r25	=	0xffee1
   7                             	r10	=	0xffef2
   8                             	r18	=	0xffeea
   9                             	r26	=	0xffee2
  10                             	r11	=	0xffef3
  11                             	r19	=	0xffeeb
  12                             	r27	=	0xffee3
  13                             	r12	=	0xffef4
  14                             	r20	=	0xffeec
  15                             	r28	=	0xffee4
  16                             	r13	=	0xffef5
  17                             	r21	=	0xffeed
  18                             	r29	=	0xffee5
  19                             	r14	=	0xffef6
  20                             	r22	=	0xffeee
  21                             	r30	=	0xffee6
  22                             	r15	=	0xffef7
  23                             	r23	=	0xffeef
  24                             	r31	=	0xffee7
  25                             	.text
  26                             	.Ltext0:
  27                             		.comm	_record,50,1
  28                             		.comm	_mem,50,1
  29                             		.comm	_display_string,50,1
  30                             		.comm	_voltage,1,1
  31                             		.comm	_current1,1,1
  32                             		.comm	_current2,1,1
  33                             		.comm	_date,6,1
  34                             		.comm	_scrollFlag,1,1
  35                             		.comm	_tempFlag,1,1
  36                             		.comm	_secFlag,1,1
  37                             		.comm	_scrollCount,2,2
  38                             		.comm	_timerFlag,2,2
  39                             		.global	_r_tau0_channel0_interrupt
  41                             	_r_tau0_channel0_interrupt:
  42                             	.LFB0:
  43                             		.file 1 "../src/r_cg_timer_user.c"
   1:../src/r_cg_timer_user.c **** /**************************************************************************************************
   2:../src/r_cg_timer_user.c **** * DISCLAIMER
   3:../src/r_cg_timer_user.c **** * This software is supplied by Renesas Electronics Corporation and is only intended for use with Re
   4:../src/r_cg_timer_user.c **** * No other uses are authorized. This software is owned by Renesas Electronics Corporation and is pr
   5:../src/r_cg_timer_user.c **** * applicable laws, including copyright laws. 
   6:../src/r_cg_timer_user.c **** * THIS SOFTWARE IS PROVIDED "AS IS" AND RENESAS MAKES NO WARRANTIESREGARDING THIS SOFTWARE, WHETHER
   7:../src/r_cg_timer_user.c **** * OR STATUTORY, INCLUDING BUT NOT LIMITED TO WARRANTIES OF MERCHANTABILITY, FITNESS FOR A PARTICULA
   8:../src/r_cg_timer_user.c **** * NON-INFRINGEMENT.  ALL SUCH WARRANTIES ARE EXPRESSLY DISCLAIMED.TO THE MAXIMUM EXTENT PERMITTED N
   9:../src/r_cg_timer_user.c **** * LAW, NEITHER RENESAS ELECTRONICS CORPORATION NOR ANY OF ITS AFFILIATED COMPANIES SHALL BE LIABLE 
  10:../src/r_cg_timer_user.c **** * INDIRECT, SPECIAL, INCIDENTAL OR CONSEQUENTIAL DAMAGES FOR ANY REASON RELATED TO THIS SOFTWARE, E
  11:../src/r_cg_timer_user.c **** * ITS AFFILIATES HAVE BEEN ADVISED OF THE POSSIBILITY OF SUCH DAMAGES.
  12:../src/r_cg_timer_user.c **** * Renesas reserves the right, without notice, to make changes to this software and to discontinue t
  13:../src/r_cg_timer_user.c **** * of this software. By using this software, you agree to the additional terms and conditions found 
  14:../src/r_cg_timer_user.c **** * following link:
  15:../src/r_cg_timer_user.c **** * http://www.renesas.com/disclaimer
  16:../src/r_cg_timer_user.c **** *
  17:../src/r_cg_timer_user.c **** * Copyright (C) 2011, 2015 Renesas Electronics Corporation. All rights reserved.
  18:../src/r_cg_timer_user.c **** ***************************************************************************************************
  19:../src/r_cg_timer_user.c **** 
  20:../src/r_cg_timer_user.c **** /**************************************************************************************************
  21:../src/r_cg_timer_user.c **** * File Name    : r_cg_timer_user.c
  22:../src/r_cg_timer_user.c **** * Version      : CodeGenerator for RL78/G13 V2.03.02.01 [15 May 2015]
  23:../src/r_cg_timer_user.c **** * Device(s)    : R5F100LE
  24:../src/r_cg_timer_user.c **** * Tool-Chain   : GCCRL78
  25:../src/r_cg_timer_user.c **** * Description  : This file implements device driver for TAU module.
  26:../src/r_cg_timer_user.c **** * Creation Date: 2017/05/08
  27:../src/r_cg_timer_user.c **** ***************************************************************************************************
  28:../src/r_cg_timer_user.c **** 
  29:../src/r_cg_timer_user.c **** /**************************************************************************************************
  30:../src/r_cg_timer_user.c **** Includes
  31:../src/r_cg_timer_user.c **** ***************************************************************************************************
  32:../src/r_cg_timer_user.c **** #include "r_cg_macrodriver.h"
  33:../src/r_cg_timer_user.c **** #include "r_cg_timer.h"
  34:../src/r_cg_timer_user.c **** /* Start user code for include. Do not edit comment generated here */
  35:../src/r_cg_timer_user.c **** /* End user code. Do not edit comment generated here */
  36:../src/r_cg_timer_user.c **** #include "r_cg_userdefine.h"
  37:../src/r_cg_timer_user.c **** 
  38:../src/r_cg_timer_user.c **** /**************************************************************************************************
  39:../src/r_cg_timer_user.c **** Global variables and functions
  40:../src/r_cg_timer_user.c **** ***************************************************************************************************
  41:../src/r_cg_timer_user.c **** /* Start user code for global. Do not edit comment generated here */
  42:../src/r_cg_timer_user.c **** extern int timerFlag;
  43:../src/r_cg_timer_user.c **** /* End user code. Do not edit comment generated here */
  44:../src/r_cg_timer_user.c **** 
  45:../src/r_cg_timer_user.c **** /**************************************************************************************************
  46:../src/r_cg_timer_user.c **** * Function Name: r_tau0_channel0_interrupt
  47:../src/r_cg_timer_user.c **** * Description  : This function is INTTM00 interrupt service routine.
  48:../src/r_cg_timer_user.c **** * Arguments    : None
  49:../src/r_cg_timer_user.c **** * Return Value : None
  50:../src/r_cg_timer_user.c **** ***************************************************************************************************
  51:../src/r_cg_timer_user.c **** void r_tau0_channel0_interrupt(void)
  52:../src/r_cg_timer_user.c **** {
  44                             		.loc 1 52 0
  45                             		; start of function
  46                             		; push 8: ax bc de hl
  47 0000 61 CF                   		sel	rb0
  48 0002 C1                      		push	ax
  49                             	.LCFI0:
  50 0003 C3                      		push	bc
  51                             	.LCFI1:
  52 0004 C5                      		push	de
  53                             	.LCFI2:
  54 0005 C7                      		push	hl
  55                             	.LCFI3:
  53:../src/r_cg_timer_user.c ****     /* Start user code. Do not edit comment generated here */
  54:../src/r_cg_timer_user.c **** 	timerFlag = 1U;
  56                             		.loc 1 54 0
  57 0006 E6                      		onew	ax
  58 0007 BF 00 00                		movw	!_timerFlag, ax
  55:../src/r_cg_timer_user.c ****     /* End user code. Do not edit comment generated here */
  56:../src/r_cg_timer_user.c **** }
  59                             		.loc 1 56 0
  60 000a C6                      		pop	hl
  61 000b C4                      		pop	de
  62 000c C2                      		pop	bc
  63 000d C0                      		pop	ax
  64 000e 61 FC                   		reti
  65                             	.LFE0:
  67                             		.global	_r_tau0_channel1_interrupt
  69                             	_r_tau0_channel1_interrupt:
  70                             	.LFB1:
  57:../src/r_cg_timer_user.c **** 
  58:../src/r_cg_timer_user.c **** /**************************************************************************************************
  59:../src/r_cg_timer_user.c **** * Function Name: r_tau0_channel1_interrupt
  60:../src/r_cg_timer_user.c **** * Description  : This function is INTTM01 interrupt service routine.
  61:../src/r_cg_timer_user.c **** * Arguments    : None
  62:../src/r_cg_timer_user.c **** * Return Value : None
  63:../src/r_cg_timer_user.c **** ***************************************************************************************************
  64:../src/r_cg_timer_user.c **** void r_tau0_channel1_interrupt(void)
  65:../src/r_cg_timer_user.c **** {
  71                             		.loc 1 65 0
  72                             		; start of function
  73                             		; push 8: ax bc de hl
  74 0010 61 CF                   		sel	rb0
  75 0012 C1                      		push	ax
  76                             	.LCFI4:
  77 0013 C3                      		push	bc
  78                             	.LCFI5:
  79 0014 C5                      		push	de
  80                             	.LCFI6:
  81 0015 C7                      		push	hl
  82                             	.LCFI7:
  66:../src/r_cg_timer_user.c ****     /* Start user code. Do not edit comment generated here */
  67:../src/r_cg_timer_user.c ****     /* End user code. Do not edit comment generated here */
  68:../src/r_cg_timer_user.c **** }
  83                             		.loc 1 68 0
  84 0016 C6                      		pop	hl
  85 0017 C4                      		pop	de
  86 0018 C2                      		pop	bc
  87 0019 C0                      		pop	ax
  88 001a 61 FC                   		reti
  89                             	.LFE1:
 157                             	.Letext0:
 158                             		.file 2 "../src/r_cg_macrodriver.h"
 159                             		.file 3 "../src/globals.h"
