   1                             	r8	=	0xffef0
   2                             	r16	=	0xffee8
   3                             	r24	=	0xffee0
   4                             	r9	=	0xffef1
   5                             	r17	=	0xffee9
   6                             	r25	=	0xffee1
   7                             	r10	=	0xffef2
   8                             	r18	=	0xffeea
   9                             	r26	=	0xffee2
  10                             	r11	=	0xffef3
  11                             	r19	=	0xffeeb
  12                             	r27	=	0xffee3
  13                             	r12	=	0xffef4
  14                             	r20	=	0xffeec
  15                             	r28	=	0xffee4
  16                             	r13	=	0xffef5
  17                             	r21	=	0xffeed
  18                             	r29	=	0xffee5
  19                             	r14	=	0xffef6
  20                             	r22	=	0xffeee
  21                             	r30	=	0xffee6
  22                             	r15	=	0xffef7
  23                             	r23	=	0xffeef
  24                             	r31	=	0xffee7
  25                             	.text
  26                             	.Ltext0:
  27                             		.comm	_record,50,1
  28                             		.comm	_mem,50,1
  29                             		.comm	_display_string,50,1
  30                             		.comm	_timerFlag,2,2
  31                             		.comm	_count,2,2
  32                             		.comm	_interval_timer_count,2,2
  33                             		.global	_r_it_interrupt
  35                             	_r_it_interrupt:
  36                             	.LFB0:
  37                             		.file 1 "../src/r_cg_it_user.c"
   1:../src/r_cg_it_user.c **** /**************************************************************************************************
   2:../src/r_cg_it_user.c **** * DISCLAIMER
   3:../src/r_cg_it_user.c **** * This software is supplied by Renesas Electronics Corporation and is only intended for use with Re
   4:../src/r_cg_it_user.c **** * No other uses are authorized. This software is owned by Renesas Electronics Corporation and is pr
   5:../src/r_cg_it_user.c **** * applicable laws, including copyright laws. 
   6:../src/r_cg_it_user.c **** * THIS SOFTWARE IS PROVIDED "AS IS" AND RENESAS MAKES NO WARRANTIESREGARDING THIS SOFTWARE, WHETHER
   7:../src/r_cg_it_user.c **** * OR STATUTORY, INCLUDING BUT NOT LIMITED TO WARRANTIES OF MERCHANTABILITY, FITNESS FOR A PARTICULA
   8:../src/r_cg_it_user.c **** * NON-INFRINGEMENT.  ALL SUCH WARRANTIES ARE EXPRESSLY DISCLAIMED.TO THE MAXIMUM EXTENT PERMITTED N
   9:../src/r_cg_it_user.c **** * LAW, NEITHER RENESAS ELECTRONICS CORPORATION NOR ANY OF ITS AFFILIATED COMPANIES SHALL BE LIABLE 
  10:../src/r_cg_it_user.c **** * INDIRECT, SPECIAL, INCIDENTAL OR CONSEQUENTIAL DAMAGES FOR ANY REASON RELATED TO THIS SOFTWARE, E
  11:../src/r_cg_it_user.c **** * ITS AFFILIATES HAVE BEEN ADVISED OF THE POSSIBILITY OF SUCH DAMAGES.
  12:../src/r_cg_it_user.c **** * Renesas reserves the right, without notice, to make changes to this software and to discontinue t
  13:../src/r_cg_it_user.c **** * of this software. By using this software, you agree to the additional terms and conditions found 
  14:../src/r_cg_it_user.c **** * following link:
  15:../src/r_cg_it_user.c **** * http://www.renesas.com/disclaimer
  16:../src/r_cg_it_user.c **** *
  17:../src/r_cg_it_user.c **** * Copyright (C) 2011, 2015 Renesas Electronics Corporation. All rights reserved.
  18:../src/r_cg_it_user.c **** ***************************************************************************************************
  19:../src/r_cg_it_user.c **** 
  20:../src/r_cg_it_user.c **** /**************************************************************************************************
  21:../src/r_cg_it_user.c **** * File Name    : r_cg_it_user.c
  22:../src/r_cg_it_user.c **** * Version      : CodeGenerator for RL78/G13 V2.03.02.01 [15 May 2015]
  23:../src/r_cg_it_user.c **** * Device(s)    : R5F100LE
  24:../src/r_cg_it_user.c **** * Tool-Chain   : GCCRL78
  25:../src/r_cg_it_user.c **** * Description  : This file implements device driver for IT module.
  26:../src/r_cg_it_user.c **** * Creation Date: 2017/04/12
  27:../src/r_cg_it_user.c **** ***************************************************************************************************
  28:../src/r_cg_it_user.c **** 
  29:../src/r_cg_it_user.c **** /**************************************************************************************************
  30:../src/r_cg_it_user.c **** Includes
  31:../src/r_cg_it_user.c **** ***************************************************************************************************
  32:../src/r_cg_it_user.c **** #include "r_cg_macrodriver.h"
  33:../src/r_cg_it_user.c **** #include "r_cg_it.h"
  34:../src/r_cg_it_user.c **** /* Start user code for include. Do not edit comment generated here */
  35:../src/r_cg_it_user.c **** /* End user code. Do not edit comment generated here */
  36:../src/r_cg_it_user.c **** #include "r_cg_userdefine.h"
  37:../src/r_cg_it_user.c **** 
  38:../src/r_cg_it_user.c **** /**************************************************************************************************
  39:../src/r_cg_it_user.c **** Global variables and functions
  40:../src/r_cg_it_user.c **** ***************************************************************************************************
  41:../src/r_cg_it_user.c **** /* Start user code for global. Do not edit comment generated here */
  42:../src/r_cg_it_user.c **** extern int interval_timer_count;
  43:../src/r_cg_it_user.c **** /* End user code. Do not edit comment generated here */
  44:../src/r_cg_it_user.c **** 
  45:../src/r_cg_it_user.c **** /**************************************************************************************************
  46:../src/r_cg_it_user.c **** * Function Name: r_it_interrupt
  47:../src/r_cg_it_user.c **** * Description  : This function is INTIT interrupt service routine.
  48:../src/r_cg_it_user.c **** * Arguments    : None
  49:../src/r_cg_it_user.c **** * Return Value : None
  50:../src/r_cg_it_user.c **** ***************************************************************************************************
  51:../src/r_cg_it_user.c **** void r_it_interrupt(void)
  52:../src/r_cg_it_user.c **** {
  38                             		.loc 1 52 0
  39                             		; start of function
  40                             		; push 16: ax bc de hl r8 r10 r12 r14
  41                             		; outgoing: 2 bytes
  42 0000 61 CF                   		sel	rb0
  43 0002 C1                      		push	ax
  44                             	.LCFI0:
  45 0003 C3                      		push	bc
  46                             	.LCFI1:
  47 0004 C5                      		push	de
  48                             	.LCFI2:
  49 0005 C7                      		push	hl
  50                             	.LCFI3:
  51 0006 61 DF                   		sel	rb1
  52 0008 C1                      		push	ax ; r8
  53                             	.LCFI4:
  54 0009 C3                      		push	bc ; r10
  55                             	.LCFI5:
  56 000a C5                      		push	de ; r12
  57                             	.LCFI6:
  58 000b C7                      		push	hl ; r14
  59                             	.LCFI7:
  60 000c 61 CF                   		sel	rb0
  61 000e 20 02                   		subw	sp, #2
  62                             	.LCFI8:
  53:../src/r_cg_it_user.c ****     /* Start user code. Do not edit comment generated here */
  54:../src/r_cg_it_user.c **** 
  55:../src/r_cg_it_user.c **** 	++interval_timer_count;
  63                             		.loc 1 55 0
  64 0010 AF 00 00                		movw	ax, !_interval_timer_count
  65 0013 BD F2                   		movw	r10, ax
  66 0015 A6 F2                   		incw	r10
  67 0017 AD F2                   		movw	ax, r10
  68 0019 BF 00 00                		movw	!_interval_timer_count, ax
  56:../src/r_cg_it_user.c **** 
  57:../src/r_cg_it_user.c **** 	if(interval_timer_count%4 == 0){
  69                             		.loc 1 57 0
  70 001c BD F2                   		movw	r10, ax
  71 001e 8D F2                   		mov	a, r10
  72 0020 5C 03                   		and	a, #3
  73 0022 9D F0                   		mov	r8, a
  74 0024 8D F3                   		mov	a, r11
  75 0026 5C 00                   		and	a, #0
  76 0028 9D F1                   		mov	r9, a
  77 002a AD F0                   		movw	ax, r8
  78 002c 44 00 00                		cmpw	ax, #0
  79 002f 61 E8                   		 skz
  80 0031 EC 3C 00 00             		 br	!!.L1
  58:../src/r_cg_it_user.c **** 		displayLCD(0);
  81                             		.loc 1 58 0
  82 0035 F6                      		clrw	ax
  83 0036 B8 00                   		movw	[sp], ax
  84 0038 FC 00 00 00             		call	!!%code(_displayLCD)
  85                             	.L1:
  59:../src/r_cg_it_user.c **** 	}
  60:../src/r_cg_it_user.c ****     /* End user code. Do not edit comment generated here */
  61:../src/r_cg_it_user.c **** }
  86                             		.loc 1 61 0
  87 003c 10 02                   		addw	sp, #2
  88 003e 61 DF                   		sel	rb1
  89 0040 C6                      		pop	hl ; r14
  90 0041 C4                      		pop	de ; r12
  91 0042 C2                      		pop	bc ; r10
  92 0043 C0                      		pop	ax ; r8
  93 0044 61 CF                   		sel	rb0
  94 0046 C6                      		pop	hl
  95 0047 C4                      		pop	de
  96 0048 C2                      		pop	bc
  97 0049 C0                      		pop	ax
  98 004a 61 FC                   		reti
  99                             	.LFE0:
 163                             	.Letext0:
 164                             		.file 2 "../src/globals.h"
 165                             		.file 3 "../src/r_cg_macrodriver.h"
