   1                             	r8	=	0xffef0
   2                             	r16	=	0xffee8
   3                             	r24	=	0xffee0
   4                             	r9	=	0xffef1
   5                             	r17	=	0xffee9
   6                             	r25	=	0xffee1
   7                             	r10	=	0xffef2
   8                             	r18	=	0xffeea
   9                             	r26	=	0xffee2
  10                             	r11	=	0xffef3
  11                             	r19	=	0xffeeb
  12                             	r27	=	0xffee3
  13                             	r12	=	0xffef4
  14                             	r20	=	0xffeec
  15                             	r28	=	0xffee4
  16                             	r13	=	0xffef5
  17                             	r21	=	0xffeed
  18                             	r29	=	0xffee5
  19                             	r14	=	0xffef6
  20                             	r22	=	0xffeee
  21                             	r30	=	0xffee6
  22                             	r15	=	0xffef7
  23                             	r23	=	0xffeef
  24                             	r31	=	0xffee7
  25                             	.text
  26                             	.Ltext0:
  27                             		.comm	_record,50,1
  28                             		.comm	_mem,50,1
  29                             		.comm	_display_string,50,1
  30                             		.comm	_scrollFlag,1,1
  31                             		.comm	_tempFlag,1,1
  32                             		.comm	_scrollCount,2,2
  33                             		.comm	_timerFlag,2,2
  34                             		.comm	_count,2,2
  35                             		.global	_R_PORT_Create
  37                             	_R_PORT_Create:
  38                             	.LFB0:
  39                             		.file 1 "../src/r_cg_port.c"
   1:../src/r_cg_port.c **** /**************************************************************************************************
   2:../src/r_cg_port.c **** * DISCLAIMER
   3:../src/r_cg_port.c **** * This software is supplied by Renesas Electronics Corporation and is only intended for use with Re
   4:../src/r_cg_port.c **** * No other uses are authorized. This software is owned by Renesas Electronics Corporation and is pr
   5:../src/r_cg_port.c **** * applicable laws, including copyright laws. 
   6:../src/r_cg_port.c **** * THIS SOFTWARE IS PROVIDED "AS IS" AND RENESAS MAKES NO WARRANTIESREGARDING THIS SOFTWARE, WHETHER
   7:../src/r_cg_port.c **** * OR STATUTORY, INCLUDING BUT NOT LIMITED TO WARRANTIES OF MERCHANTABILITY, FITNESS FOR A PARTICULA
   8:../src/r_cg_port.c **** * NON-INFRINGEMENT.  ALL SUCH WARRANTIES ARE EXPRESSLY DISCLAIMED.TO THE MAXIMUM EXTENT PERMITTED N
   9:../src/r_cg_port.c **** * LAW, NEITHER RENESAS ELECTRONICS CORPORATION NOR ANY OF ITS AFFILIATED COMPANIES SHALL BE LIABLE 
  10:../src/r_cg_port.c **** * INDIRECT, SPECIAL, INCIDENTAL OR CONSEQUENTIAL DAMAGES FOR ANY REASON RELATED TO THIS SOFTWARE, E
  11:../src/r_cg_port.c **** * ITS AFFILIATES HAVE BEEN ADVISED OF THE POSSIBILITY OF SUCH DAMAGES.
  12:../src/r_cg_port.c **** * Renesas reserves the right, without notice, to make changes to this software and to discontinue t
  13:../src/r_cg_port.c **** * of this software. By using this software, you agree to the additional terms and conditions found 
  14:../src/r_cg_port.c **** * following link:
  15:../src/r_cg_port.c **** * http://www.renesas.com/disclaimer
  16:../src/r_cg_port.c **** *
  17:../src/r_cg_port.c **** * Copyright (C) 2011, 2015 Renesas Electronics Corporation. All rights reserved.
  18:../src/r_cg_port.c **** ***************************************************************************************************
  19:../src/r_cg_port.c **** 
  20:../src/r_cg_port.c **** /**************************************************************************************************
  21:../src/r_cg_port.c **** * File Name    : r_cg_port.c
  22:../src/r_cg_port.c **** * Version      : CodeGenerator for RL78/G13 V2.03.02.01 [15 May 2015]
  23:../src/r_cg_port.c **** * Device(s)    : R5F100LE
  24:../src/r_cg_port.c **** * Tool-Chain   : GCCRL78
  25:../src/r_cg_port.c **** * Description  : This file implements device driver for PORT module.
  26:../src/r_cg_port.c **** * Creation Date: 2017/05/07
  27:../src/r_cg_port.c **** ***************************************************************************************************
  28:../src/r_cg_port.c **** 
  29:../src/r_cg_port.c **** /**************************************************************************************************
  30:../src/r_cg_port.c **** Includes
  31:../src/r_cg_port.c **** ***************************************************************************************************
  32:../src/r_cg_port.c **** #include "r_cg_macrodriver.h"
  33:../src/r_cg_port.c **** #include "r_cg_port.h"
  34:../src/r_cg_port.c **** /* Start user code for include. Do not edit comment generated here */
  35:../src/r_cg_port.c **** /* End user code. Do not edit comment generated here */
  36:../src/r_cg_port.c **** #include "r_cg_userdefine.h"
  37:../src/r_cg_port.c **** 
  38:../src/r_cg_port.c **** /**************************************************************************************************
  39:../src/r_cg_port.c **** Global variables and functions
  40:../src/r_cg_port.c **** ***************************************************************************************************
  41:../src/r_cg_port.c **** /* Start user code for global. Do not edit comment generated here */
  42:../src/r_cg_port.c **** /* End user code. Do not edit comment generated here */
  43:../src/r_cg_port.c **** 
  44:../src/r_cg_port.c **** /**************************************************************************************************
  45:../src/r_cg_port.c **** * Function Name: R_PORT_Create
  46:../src/r_cg_port.c **** * Description  : This function initializes the Port I/O.
  47:../src/r_cg_port.c **** * Arguments    : None
  48:../src/r_cg_port.c **** * Return Value : None
  49:../src/r_cg_port.c **** ***************************************************************************************************
  50:../src/r_cg_port.c **** void R_PORT_Create(void)
  51:../src/r_cg_port.c **** {
  40                             		.loc 1 51 0
  52:../src/r_cg_port.c ****     P1 = _00_Pn5_OUTPUT_0 | _00_Pn7_OUTPUT_0;
  41                             		.loc 1 52 0
  42 0000 C9 F0 01 FF             		movw	r8, #-255
  43 0004 AD F0                   		movw	ax, r8
  44 0006 BD F2                   		movw	r10, ax
  45 0008 DA F2                   		movw	bc, r10
  46 000a F1                      		clrb	a
  47 000b 48 00 00                		mov	[bc], a
  53:../src/r_cg_port.c ****     P4 = _00_Pn1_OUTPUT_0 | _00_Pn2_OUTPUT_0 | _00_Pn3_OUTPUT_0;
  48                             		.loc 1 53 0
  49 000e C9 F0 04 FF             		movw	r8, #-252
  50 0012 AD F0                   		movw	ax, r8
  51 0014 BD F2                   		movw	r10, ax
  52 0016 DA F2                   		movw	bc, r10
  53 0018 F1                      		clrb	a
  54 0019 48 00 00                		mov	[bc], a
  54:../src/r_cg_port.c ****     P7 = _00_Pn0_OUTPUT_0 | _00_Pn1_OUTPUT_0 | _00_Pn2_OUTPUT_0 | _00_Pn3_OUTPUT_0 | _00_Pn4_OUTPUT
  55                             		.loc 1 54 0
  56 001c C9 F0 07 FF             		movw	r8, #-249
  57 0020 AD F0                   		movw	ax, r8
  58 0022 BD F2                   		movw	r10, ax
  59 0024 DA F2                   		movw	bc, r10
  60 0026 F1                      		clrb	a
  61 0027 48 00 00                		mov	[bc], a
  55:../src/r_cg_port.c ****          _00_Pn5_OUTPUT_0 | _00_Pn6_OUTPUT_0 | _00_Pn7_OUTPUT_0;
  56:../src/r_cg_port.c ****     PU0 = _08_PUn3_PULLUP_ON;
  62                             		.loc 1 56 0
  63 002a C9 F0 30 00             		movw	r8, #48
  64 002e AD F0                   		movw	ax, r8
  65 0030 BD F2                   		movw	r10, ax
  66 0032 DA F2                   		movw	bc, r10
  67 0034 51 08                   		mov	a, #8
  68 0036 48 00 00                		mov	[bc], a
  57:../src/r_cg_port.c ****     PU4 = _01_PUn0_PULLUP_ON;
  69                             		.loc 1 57 0
  70 0039 C9 F0 34 00             		movw	r8, #52
  71 003d AD F0                   		movw	ax, r8
  72 003f BD F2                   		movw	r10, ax
  73 0041 DA F2                   		movw	bc, r10
  74 0043 E1                      		oneb	a
  75 0044 48 00 00                		mov	[bc], a
  58:../src/r_cg_port.c ****     PIM0 = _08_PIMn3_TTL_ON;
  76                             		.loc 1 58 0
  77 0047 C9 F0 40 00             		movw	r8, #64
  78 004b AD F0                   		movw	ax, r8
  79 004d BD F2                   		movw	r10, ax
  80 004f DA F2                   		movw	bc, r10
  81 0051 51 08                   		mov	a, #8
  82 0053 48 00 00                		mov	[bc], a
  59:../src/r_cg_port.c ****     PIM1 = _40_PIMn6_TTL_ON;
  83                             		.loc 1 59 0
  84 0056 C9 F0 41 00             		movw	r8, #65
  85 005a AD F0                   		movw	ax, r8
  86 005c BD F2                   		movw	r10, ax
  87 005e DA F2                   		movw	bc, r10
  88 0060 51 40                   		mov	a, #64
  89 0062 48 00 00                		mov	[bc], a
  60:../src/r_cg_port.c ****     PM1 = _01_PMn0_NOT_USE | _02_PMn1_NOT_USE | _04_PMn2_NOT_USE | _08_PMn3_NOT_USE | _10_PMn4_NOT_
  90                             		.loc 1 60 0
  91 0065 C9 F0 21 FF             		movw	r8, #-223
  92 0069 AD F0                   		movw	ax, r8
  93 006b BD F2                   		movw	r10, ax
  94 006d DA F2                   		movw	bc, r10
  95 006f 51 5F                   		mov	a, #95
  96 0071 48 00 00                		mov	[bc], a
  61:../src/r_cg_port.c ****           _00_PMn5_MODE_OUTPUT | _40_PMn6_NOT_USE | _00_PMn7_MODE_OUTPUT;
  62:../src/r_cg_port.c ****     PM4 = _01_PMn0_NOT_USE | _00_PMn1_MODE_OUTPUT | _00_PMn2_MODE_OUTPUT | _00_PMn3_MODE_OUTPUT | _
  97                             		.loc 1 62 0
  98 0074 C9 F0 24 FF             		movw	r8, #-220
  99 0078 AD F0                   		movw	ax, r8
 100 007a BD F2                   		movw	r10, ax
 101 007c DA F2                   		movw	bc, r10
 102 007e 51 F1                   		mov	a, #-15
 103 0080 48 00 00                		mov	[bc], a
  63:../src/r_cg_port.c ****     PM5 = _01_PMn0_NOT_USE | _02_PMn1_NOT_USE | _04_PMn2_MODE_INPUT | _08_PMn3_MODE_INPUT | _10_PMn
 104                             		.loc 1 63 0
 105 0083 C9 F0 25 FF             		movw	r8, #-219
 106 0087 AD F0                   		movw	ax, r8
 107 0089 BD F2                   		movw	r10, ax
 108 008b DA F2                   		movw	bc, r10
 109 008d 51 FF                   		mov	a, #-1
 110 008f 48 00 00                		mov	[bc], a
  64:../src/r_cg_port.c ****           _20_PMn5_MODE_INPUT | _C0_PM5_DEFAULT;
  65:../src/r_cg_port.c ****     PM7 = _00_PMn0_MODE_OUTPUT | _00_PMn1_MODE_OUTPUT | _00_PMn2_MODE_OUTPUT | _00_PMn3_MODE_OUTPUT
 111                             		.loc 1 65 0
 112 0092 C9 F0 27 FF             		movw	r8, #-217
 113 0096 AD F0                   		movw	ax, r8
 114 0098 BD F2                   		movw	r10, ax
 115 009a DA F2                   		movw	bc, r10
 116 009c F1                      		clrb	a
 117 009d 48 00 00                		mov	[bc], a
  66:../src/r_cg_port.c ****           _00_PMn4_MODE_OUTPUT | _00_PMn5_MODE_OUTPUT | _00_PMn6_MODE_OUTPUT | _00_PMn7_MODE_OUTPUT
  67:../src/r_cg_port.c **** }
 118                             		.loc 1 67 0
 119 00a0 D7                      		ret
 120                             	.LFE0:
 148                             	.Letext0:
 149                             		.file 2 "../src/iodefine.h"
 150                             		.file 3 "../src/iodefine_ext.h"
 151                             		.file 4 "../src/r_cg_macrodriver.h"
 152                             		.file 5 "../src/globals.h"
