   1                             	r8	=	0xffef0
   2                             	r16	=	0xffee8
   3                             	r24	=	0xffee0
   4                             	r9	=	0xffef1
   5                             	r17	=	0xffee9
   6                             	r25	=	0xffee1
   7                             	r10	=	0xffef2
   8                             	r18	=	0xffeea
   9                             	r26	=	0xffee2
  10                             	r11	=	0xffef3
  11                             	r19	=	0xffeeb
  12                             	r27	=	0xffee3
  13                             	r12	=	0xffef4
  14                             	r20	=	0xffeec
  15                             	r28	=	0xffee4
  16                             	r13	=	0xffef5
  17                             	r21	=	0xffeed
  18                             	r29	=	0xffee5
  19                             	r14	=	0xffef6
  20                             	r22	=	0xffeee
  21                             	r30	=	0xffee6
  22                             	r15	=	0xffef7
  23                             	r23	=	0xffeef
  24                             	r31	=	0xffee7
  25                             	.text
  26                             	.Ltext0:
  27                             		.comm	_record,50,1
  28                             		.comm	_mem,50,1
  29                             		.comm	_display_string,50,1
  30                             		.comm	_timerFlag,2,2
  31                             		.comm	_count,2,2
  32                             		.comm	_interval_timer_count,2,2
  33                             		.global	_R_CGC_Create
  35                             	_R_CGC_Create:
  36                             	.LFB0:
  37                             		.file 1 "../src/r_cg_cgc.c"
   1:../src/r_cg_cgc.c **** /**************************************************************************************************
   2:../src/r_cg_cgc.c **** * DISCLAIMER
   3:../src/r_cg_cgc.c **** * This software is supplied by Renesas Electronics Corporation and is only intended for use with Re
   4:../src/r_cg_cgc.c **** * No other uses are authorized. This software is owned by Renesas Electronics Corporation and is pr
   5:../src/r_cg_cgc.c **** * applicable laws, including copyright laws. 
   6:../src/r_cg_cgc.c **** * THIS SOFTWARE IS PROVIDED "AS IS" AND RENESAS MAKES NO WARRANTIESREGARDING THIS SOFTWARE, WHETHER
   7:../src/r_cg_cgc.c **** * OR STATUTORY, INCLUDING BUT NOT LIMITED TO WARRANTIES OF MERCHANTABILITY, FITNESS FOR A PARTICULA
   8:../src/r_cg_cgc.c **** * NON-INFRINGEMENT.  ALL SUCH WARRANTIES ARE EXPRESSLY DISCLAIMED.TO THE MAXIMUM EXTENT PERMITTED N
   9:../src/r_cg_cgc.c **** * LAW, NEITHER RENESAS ELECTRONICS CORPORATION NOR ANY OF ITS AFFILIATED COMPANIES SHALL BE LIABLE 
  10:../src/r_cg_cgc.c **** * INDIRECT, SPECIAL, INCIDENTAL OR CONSEQUENTIAL DAMAGES FOR ANY REASON RELATED TO THIS SOFTWARE, E
  11:../src/r_cg_cgc.c **** * ITS AFFILIATES HAVE BEEN ADVISED OF THE POSSIBILITY OF SUCH DAMAGES.
  12:../src/r_cg_cgc.c **** * Renesas reserves the right, without notice, to make changes to this software and to discontinue t
  13:../src/r_cg_cgc.c **** * of this software. By using this software, you agree to the additional terms and conditions found 
  14:../src/r_cg_cgc.c **** * following link:
  15:../src/r_cg_cgc.c **** * http://www.renesas.com/disclaimer
  16:../src/r_cg_cgc.c **** *
  17:../src/r_cg_cgc.c **** * Copyright (C) 2011, 2015 Renesas Electronics Corporation. All rights reserved.
  18:../src/r_cg_cgc.c **** ***************************************************************************************************
  19:../src/r_cg_cgc.c **** 
  20:../src/r_cg_cgc.c **** /**************************************************************************************************
  21:../src/r_cg_cgc.c **** * File Name    : r_cg_cgc.c
  22:../src/r_cg_cgc.c **** * Version      : CodeGenerator for RL78/G13 V2.03.02.01 [15 May 2015]
  23:../src/r_cg_cgc.c **** * Device(s)    : R5F100LE
  24:../src/r_cg_cgc.c **** * Tool-Chain   : GCCRL78
  25:../src/r_cg_cgc.c **** * Description  : This file implements device driver for CGC module.
  26:../src/r_cg_cgc.c **** * Creation Date: 2017/04/12
  27:../src/r_cg_cgc.c **** ***************************************************************************************************
  28:../src/r_cg_cgc.c **** 
  29:../src/r_cg_cgc.c **** /**************************************************************************************************
  30:../src/r_cg_cgc.c **** Includes
  31:../src/r_cg_cgc.c **** ***************************************************************************************************
  32:../src/r_cg_cgc.c **** #include "r_cg_macrodriver.h"
  33:../src/r_cg_cgc.c **** #include "r_cg_cgc.h"
  34:../src/r_cg_cgc.c **** /* Start user code for include. Do not edit comment generated here */
  35:../src/r_cg_cgc.c **** /* End user code. Do not edit comment generated here */
  36:../src/r_cg_cgc.c **** #include "r_cg_userdefine.h"
  37:../src/r_cg_cgc.c **** 
  38:../src/r_cg_cgc.c **** /**************************************************************************************************
  39:../src/r_cg_cgc.c **** Global variables and functions
  40:../src/r_cg_cgc.c **** ***************************************************************************************************
  41:../src/r_cg_cgc.c **** /* Start user code for global. Do not edit comment generated here */
  42:../src/r_cg_cgc.c **** /* End user code. Do not edit comment generated here */
  43:../src/r_cg_cgc.c **** 
  44:../src/r_cg_cgc.c **** /**************************************************************************************************
  45:../src/r_cg_cgc.c **** * Function Name: R_CGC_Create
  46:../src/r_cg_cgc.c **** * Description  : This function initializes the clock generator.
  47:../src/r_cg_cgc.c **** * Arguments    : None
  48:../src/r_cg_cgc.c **** * Return Value : None
  49:../src/r_cg_cgc.c **** ***************************************************************************************************
  50:../src/r_cg_cgc.c **** void R_CGC_Create(void)
  51:../src/r_cg_cgc.c **** {
  38                             		.loc 1 51 0
  39                             		; start of function
  40                             		; locals: 2 bytes
  41 0000 20 02                   		subw	sp, #2
  42                             	.LCFI0:
  52:../src/r_cg_cgc.c ****     volatile uint16_t w_count;
  53:../src/r_cg_cgc.c **** 
  54:../src/r_cg_cgc.c ****     /* Set fMX */
  55:../src/r_cg_cgc.c ****     CMC = _00_CGC_HISYS_PORT | _10_CGC_SUB_OSC | _00_CGC_SYSOSC_DEFAULT | _00_CGC_SUBMODE_LOW;
  43                             		.loc 1 55 0
  44 0002 C9 F0 A0 FF             		movw	r8, #-96
  45 0006 AD F0                   		movw	ax, r8
  46 0008 BD F2                   		movw	r10, ax
  47 000a DA F2                   		movw	bc, r10
  48 000c 51 10                   		mov	a, #16
  49 000e 48 00 00                		mov	[bc], a
  56:../src/r_cg_cgc.c ****     MSTOP = 1U;
  50                             		.loc 1 56 0
  51 0011 C9 F0 A1 FF             		movw	r8, #-95
  52 0015 AD F0                   		movw	ax, r8
  53 0017 BD F4                   		movw	r12, ax
  54 0019 FA F4                   		movw	hl, r12
  55 001b 8B                      		mov	a, [hl]
  56 001c 9D F2                   		mov	r10, a
  57 001e 6A F2 80                		or	r10, #-128
  58 0021 AD F0                   		movw	ax, r8
  59 0023 DA F4                   		movw	bc, r12
  60 0025 8D F2                   		mov	a, r10
  61 0027 48 00 00                		mov	[bc], a
  57:../src/r_cg_cgc.c ****     /* Set fMAIN */
  58:../src/r_cg_cgc.c ****     MCM0 = 0U;
  62                             		.loc 1 58 0
  63 002a C9 F0 A4 FF             		movw	r8, #-92
  64 002e AD F0                   		movw	ax, r8
  65 0030 BD F4                   		movw	r12, ax
  66 0032 FA F4                   		movw	hl, r12
  67 0034 8B                      		mov	a, [hl]
  68 0035 9D F2                   		mov	r10, a
  69 0037 5A F2 EF                		and	r10, #-17
  70 003a AD F0                   		movw	ax, r8
  71 003c DA F4                   		movw	bc, r12
  72 003e 8D F2                   		mov	a, r10
  73 0040 48 00 00                		mov	[bc], a
  59:../src/r_cg_cgc.c ****     /* Set fSUB */
  60:../src/r_cg_cgc.c ****     XTSTOP = 0U;
  74                             		.loc 1 60 0
  75 0043 C9 F0 A1 FF             		movw	r8, #-95
  76 0047 AD F0                   		movw	ax, r8
  77 0049 BD F4                   		movw	r12, ax
  78 004b FA F4                   		movw	hl, r12
  79 004d 8B                      		mov	a, [hl]
  80 004e 9D F2                   		mov	r10, a
  81 0050 5A F2 BF                		and	r10, #-65
  82 0053 AD F0                   		movw	ax, r8
  83 0055 DA F4                   		movw	bc, r12
  84 0057 8D F2                   		mov	a, r10
  85 0059 48 00 00                		mov	[bc], a
  61:../src/r_cg_cgc.c **** 
  62:../src/r_cg_cgc.c ****     /* Change the waiting time according to the system */
  63:../src/r_cg_cgc.c ****     for (w_count = 0U; w_count <= CGC_SUBWAITTIME; w_count++)
  86                             		.loc 1 63 0
  87 005c F6                      		clrw	ax
  88 005d B8 00                   		movw	[sp], ax
  89 005f EC 6E 00 00             		br	!!.L2
  90                             	.L3:
  64:../src/r_cg_cgc.c ****     {
  65:../src/r_cg_cgc.c ****         NOP();
  91                             		.loc 1 65 0 discriminator 3
  92                             	 ; 65 "../src/r_cg_cgc.c" 1
  93 0063 00                      		nop
  94                             	 ; 0 "" 2
  63:../src/r_cg_cgc.c ****     {
  95                             		.loc 1 63 0 discriminator 3
  96 0064 A8 00                   		movw	ax, [sp]
  97 0066 BD F0                   		movw	r8, ax
  98 0068 A6 F0                   		incw	r8
  99 006a AD F0                   		movw	ax, r8
 100 006c B8 00                   		movw	[sp], ax
 101                             	.L2:
  63:../src/r_cg_cgc.c ****     {
 102                             		.loc 1 63 0 is_stmt 0 discriminator 1
 103 006e A8 00                   		movw	ax, [sp]
 104 0070 BD F0                   		movw	r8, ax
 105 0072 44 A0 00                		cmpw	ax, #160
 106 0075 61 E3                   		 skh
 107 0077 EC 63 00 00             		 br	!!.L3
  66:../src/r_cg_cgc.c ****     }
  67:../src/r_cg_cgc.c ****     
  68:../src/r_cg_cgc.c ****     OSMC = _00_CGC_SUBINHALT_ON | _00_CGC_RTC_CLK_FSUB;
 108                             		.loc 1 68 0 is_stmt 1
 109 007b C9 F0 F3 00             		movw	r8, #243
 110 007f AD F0                   		movw	ax, r8
 111 0081 BD F2                   		movw	r10, ax
 112 0083 DA F2                   		movw	bc, r10
 113 0085 F1                      		clrb	a
 114 0086 48 00 00                		mov	[bc], a
  69:../src/r_cg_cgc.c ****     /* Set fCLK */
  70:../src/r_cg_cgc.c ****     CSS = 0U;
 115                             		.loc 1 70 0
 116 0089 C9 F0 A4 FF             		movw	r8, #-92
 117 008d AD F0                   		movw	ax, r8
 118 008f BD F4                   		movw	r12, ax
 119 0091 FA F4                   		movw	hl, r12
 120 0093 8B                      		mov	a, [hl]
 121 0094 9D F2                   		mov	r10, a
 122 0096 5A F2 BF                		and	r10, #-65
 123 0099 AD F0                   		movw	ax, r8
 124 009b DA F4                   		movw	bc, r12
 125 009d 8D F2                   		mov	a, r10
 126 009f 48 00 00                		mov	[bc], a
  71:../src/r_cg_cgc.c ****     /* Set fIH */
  72:../src/r_cg_cgc.c ****     HIOSTOP = 0U;
 127                             		.loc 1 72 0
 128 00a2 C9 F0 A1 FF             		movw	r8, #-95
 129 00a6 AD F0                   		movw	ax, r8
 130 00a8 BD F4                   		movw	r12, ax
 131 00aa FA F4                   		movw	hl, r12
 132 00ac 8B                      		mov	a, [hl]
 133 00ad 9D F2                   		mov	r10, a
 134 00af 5A F2 FE                		and	r10, #-2
 135 00b2 AD F0                   		movw	ax, r8
 136 00b4 DA F4                   		movw	bc, r12
 137 00b6 8D F2                   		mov	a, r10
 138 00b8 48 00 00                		mov	[bc], a
  73:../src/r_cg_cgc.c **** }
 139                             		.loc 1 73 0
 140 00bb 10 02                   		addw	sp, #2
 141 00bd D7                      		ret
 142                             	.LFE0:
 174                             	.Letext0:
 175                             		.file 2 "../src/iodefine.h"
 176                             		.file 3 "../src/r_cg_macrodriver.h"
 177                             		.file 4 "../src/globals.h"
