   1                             	r8	=	0xffef0
   2                             	r16	=	0xffee8
   3                             	r24	=	0xffee0
   4                             	r9	=	0xffef1
   5                             	r17	=	0xffee9
   6                             	r25	=	0xffee1
   7                             	r10	=	0xffef2
   8                             	r18	=	0xffeea
   9                             	r26	=	0xffee2
  10                             	r11	=	0xffef3
  11                             	r19	=	0xffeeb
  12                             	r27	=	0xffee3
  13                             	r12	=	0xffef4
  14                             	r20	=	0xffeec
  15                             	r28	=	0xffee4
  16                             	r13	=	0xffef5
  17                             	r21	=	0xffeed
  18                             	r29	=	0xffee5
  19                             	r14	=	0xffef6
  20                             	r22	=	0xffeee
  21                             	r30	=	0xffee6
  22                             	r15	=	0xffef7
  23                             	r23	=	0xffeef
  24                             	r31	=	0xffee7
  25                             	.text
  26                             	.Ltext0:
  27                             		.comm	_record,50,1
  28                             		.comm	_mem,50,1
  29                             		.comm	_display_string,50,1
  30                             		.comm	_scrollFlag,1,1
  31                             		.comm	_tempFlag,1,1
  32                             		.comm	_scrollCount,2,2
  33                             		.comm	_timerFlag,2,2
  34                             		.comm	_count,2,2
  35                             		.global	_R_Systeminit
  37                             	_R_Systeminit:
  38                             	.LFB0:
  39                             		.file 1 "../src/r_hardware_setup.c"
   1:../src/r_hardware_setup.c **** /**************************************************************************************************
   2:../src/r_hardware_setup.c **** * DISCLAIMER
   3:../src/r_hardware_setup.c **** * This software is supplied by Renesas Electronics Corporation and is only intended for use with Re
   4:../src/r_hardware_setup.c **** * No other uses are authorized. This software is owned by Renesas Electronics Corporation and is pr
   5:../src/r_hardware_setup.c **** * applicable laws, including copyright laws. 
   6:../src/r_hardware_setup.c **** * THIS SOFTWARE IS PROVIDED "AS IS" AND RENESAS MAKES NO WARRANTIESREGARDING THIS SOFTWARE, WHETHER
   7:../src/r_hardware_setup.c **** * OR STATUTORY, INCLUDING BUT NOT LIMITED TO WARRANTIES OF MERCHANTABILITY, FITNESS FOR A PARTICULA
   8:../src/r_hardware_setup.c **** * NON-INFRINGEMENT.  ALL SUCH WARRANTIES ARE EXPRESSLY DISCLAIMED.TO THE MAXIMUM EXTENT PERMITTED N
   9:../src/r_hardware_setup.c **** * LAW, NEITHER RENESAS ELECTRONICS CORPORATION NOR ANY OF ITS AFFILIATED COMPANIES SHALL BE LIABLE 
  10:../src/r_hardware_setup.c **** * INDIRECT, SPECIAL, INCIDENTAL OR CONSEQUENTIAL DAMAGES FOR ANY REASON RELATED TO THIS SOFTWARE, E
  11:../src/r_hardware_setup.c **** * ITS AFFILIATES HAVE BEEN ADVISED OF THE POSSIBILITY OF SUCH DAMAGES.
  12:../src/r_hardware_setup.c **** * Renesas reserves the right, without notice, to make changes to this software and to discontinue t
  13:../src/r_hardware_setup.c **** * of this software. By using this software, you agree to the additional terms and conditions found 
  14:../src/r_hardware_setup.c **** * following link:
  15:../src/r_hardware_setup.c **** * http://www.renesas.com/disclaimer
  16:../src/r_hardware_setup.c **** *
  17:../src/r_hardware_setup.c **** * Copyright (C) 2011, 2015 Renesas Electronics Corporation. All rights reserved.
  18:../src/r_hardware_setup.c **** ***************************************************************************************************
  19:../src/r_hardware_setup.c **** 
  20:../src/r_hardware_setup.c **** /**************************************************************************************************
  21:../src/r_hardware_setup.c **** * File Name    : r_hardware_setup.c
  22:../src/r_hardware_setup.c **** * Version      : CodeGenerator for RL78/G13 V2.03.02.01 [15 May 2015]
  23:../src/r_hardware_setup.c **** * Device(s)    : R5F100LE
  24:../src/r_hardware_setup.c **** * Tool-Chain   : GCCRL78
  25:../src/r_hardware_setup.c **** * Description  : This file implements system initializing function.
  26:../src/r_hardware_setup.c **** * Creation Date: 2017/05/07
  27:../src/r_hardware_setup.c **** ***************************************************************************************************
  28:../src/r_hardware_setup.c **** 
  29:../src/r_hardware_setup.c **** /**************************************************************************************************
  30:../src/r_hardware_setup.c **** Includes
  31:../src/r_hardware_setup.c **** ***************************************************************************************************
  32:../src/r_hardware_setup.c **** #include "r_cg_macrodriver.h"
  33:../src/r_hardware_setup.c **** #include "r_cg_cgc.h"
  34:../src/r_hardware_setup.c **** #include "r_cg_port.h"
  35:../src/r_hardware_setup.c **** #include "r_cg_serial.h"
  36:../src/r_hardware_setup.c **** #include "r_cg_adc.h"
  37:../src/r_hardware_setup.c **** #include "r_cg_timer.h"
  38:../src/r_hardware_setup.c **** #include "r_cg_rtc.h"
  39:../src/r_hardware_setup.c **** #include "r_cg_it.h"
  40:../src/r_hardware_setup.c **** /* Start user code for include. Do not edit comment generated here */
  41:../src/r_hardware_setup.c **** /* End user code. Do not edit comment generated here */
  42:../src/r_hardware_setup.c **** #include "r_cg_userdefine.h"
  43:../src/r_hardware_setup.c **** 
  44:../src/r_hardware_setup.c **** /**************************************************************************************************
  45:../src/r_hardware_setup.c **** Global variables and functions
  46:../src/r_hardware_setup.c **** ***************************************************************************************************
  47:../src/r_hardware_setup.c **** /* Start user code for global. Do not edit comment generated here */
  48:../src/r_hardware_setup.c **** /* End user code. Do not edit comment generated here */
  49:../src/r_hardware_setup.c **** int HardwareSetup(void);
  50:../src/r_hardware_setup.c **** void R_Systeminit(void);
  51:../src/r_hardware_setup.c **** 
  52:../src/r_hardware_setup.c **** 
  53:../src/r_hardware_setup.c **** /**************************************************************************************************
  54:../src/r_hardware_setup.c **** * Function Name: R_Systeminit
  55:../src/r_hardware_setup.c **** * Description  : This function initializes every macro.
  56:../src/r_hardware_setup.c **** * Arguments    : None
  57:../src/r_hardware_setup.c **** * Return Value : None
  58:../src/r_hardware_setup.c **** ***************************************************************************************************
  59:../src/r_hardware_setup.c **** void R_Systeminit(void)
  60:../src/r_hardware_setup.c **** {
  40                             		.loc 1 60 0
  61:../src/r_hardware_setup.c ****     PIOR = 0x00U;
  41                             		.loc 1 61 0
  42 0000 C9 F0 77 00             		movw	r8, #119
  43 0004 AD F0                   		movw	ax, r8
  44 0006 BD F2                   		movw	r10, ax
  45 0008 DA F2                   		movw	bc, r10
  46 000a F1                      		clrb	a
  47 000b 48 00 00                		mov	[bc], a
  62:../src/r_hardware_setup.c ****     R_CGC_Get_ResetSource();
  48                             		.loc 1 62 0
  49 000e FC 00 00 00             		call	!!%code(_R_CGC_Get_ResetSource)
  63:../src/r_hardware_setup.c ****     R_CGC_Create();
  50                             		.loc 1 63 0
  51 0012 FC 00 00 00             		call	!!%code(_R_CGC_Create)
  64:../src/r_hardware_setup.c ****     R_PORT_Create();
  52                             		.loc 1 64 0
  53 0016 FC 00 00 00             		call	!!%code(_R_PORT_Create)
  65:../src/r_hardware_setup.c ****     R_SAU0_Create();
  54                             		.loc 1 65 0
  55 001a FC 00 00 00             		call	!!%code(_R_SAU0_Create)
  66:../src/r_hardware_setup.c ****     R_ADC_Create();
  56                             		.loc 1 66 0
  57 001e FC 00 00 00             		call	!!%code(_R_ADC_Create)
  67:../src/r_hardware_setup.c ****     R_TAU0_Create();
  58                             		.loc 1 67 0
  59 0022 FC 00 00 00             		call	!!%code(_R_TAU0_Create)
  68:../src/r_hardware_setup.c ****     R_RTC_Create();
  60                             		.loc 1 68 0
  61 0026 FC 00 00 00             		call	!!%code(_R_RTC_Create)
  69:../src/r_hardware_setup.c ****     R_IT_Create();
  62                             		.loc 1 69 0
  63 002a FC 00 00 00             		call	!!%code(_R_IT_Create)
  70:../src/r_hardware_setup.c **** 
  71:../src/r_hardware_setup.c ****     IAWCTL = 0x00U;
  64                             		.loc 1 71 0
  65 002e C9 F0 78 00             		movw	r8, #120
  66 0032 AD F0                   		movw	ax, r8
  67 0034 BD F2                   		movw	r10, ax
  68 0036 DA F2                   		movw	bc, r10
  69 0038 F1                      		clrb	a
  70 0039 48 00 00                		mov	[bc], a
  72:../src/r_hardware_setup.c **** }
  71                             		.loc 1 72 0
  72 003c D7                      		ret
  73                             	.LFE0:
  75                             		.global	_HardwareSetup
  77                             	_HardwareSetup:
  78                             	.LFB1:
  73:../src/r_hardware_setup.c **** 
  74:../src/r_hardware_setup.c **** /**************************************************************************************************
  75:../src/r_hardware_setup.c **** * Function Name: HardwareSetup
  76:../src/r_hardware_setup.c **** * Description  : This function initializes hardware setting.
  77:../src/r_hardware_setup.c **** * Arguments    : None
  78:../src/r_hardware_setup.c **** * Return Value : None
  79:../src/r_hardware_setup.c **** ***************************************************************************************************
  80:../src/r_hardware_setup.c **** int HardwareSetup(void)
  81:../src/r_hardware_setup.c **** {
  79                             		.loc 1 81 0
  80                             		; start of function
  81                             		; locals: 2 bytes
  82 003d 20 02                   		subw	sp, #2
  83                             	.LCFI0:
  82:../src/r_hardware_setup.c ****     DI();
  84                             		.loc 1 82 0
  85                             	 ; 82 "../src/r_hardware_setup.c" 1
  86 003f 71 7B FA                		di
  87                             	 ; 0 "" 2
  83:../src/r_hardware_setup.c ****     R_Systeminit();
  88                             		.loc 1 83 0
  89 0042 FC 00 00 00             		call	!!%code(_R_Systeminit)
  84:../src/r_hardware_setup.c **** 
  85:../src/r_hardware_setup.c ****     return (1U);
  90                             		.loc 1 85 0
  91 0046 E6                      		onew	ax
  92 0047 B8 00                   		movw	[sp], ax
  93 0049 BD F0                   		movw	r8, ax
  86:../src/r_hardware_setup.c **** }
  94                             		.loc 1 86 0
  95 004b 10 02                   		addw	sp, #2
  96 004d D7                      		ret
  97                             	.LFE1:
 137                             	.Letext0:
 138                             		.file 2 "../src/r_cg_macrodriver.h"
 139                             		.file 3 "../src/globals.h"
