   1                             	r8	=	0xffef0
   2                             	r16	=	0xffee8
   3                             	r24	=	0xffee0
   4                             	r9	=	0xffef1
   5                             	r17	=	0xffee9
   6                             	r25	=	0xffee1
   7                             	r10	=	0xffef2
   8                             	r18	=	0xffeea
   9                             	r26	=	0xffee2
  10                             	r11	=	0xffef3
  11                             	r19	=	0xffeeb
  12                             	r27	=	0xffee3
  13                             	r12	=	0xffef4
  14                             	r20	=	0xffeec
  15                             	r28	=	0xffee4
  16                             	r13	=	0xffef5
  17                             	r21	=	0xffeed
  18                             	r29	=	0xffee5
  19                             	r14	=	0xffef6
  20                             	r22	=	0xffeee
  21                             	r30	=	0xffee6
  22                             	r15	=	0xffef7
  23                             	r23	=	0xffeef
  24                             	r31	=	0xffee7
  25                             	.text
  26                             	.Ltext0:
  27                             		.comm	_record,50,1
  28                             		.comm	_mem,50,1
  29                             		.comm	_timerFlag,2,2
  30                             		.comm	_count,2,2
  31                             		.comm	_interval_timer_count,2,2
  32                             		.comm	_uart1RxBuf,50,1
  33                             		.comm	_uart1RxCnt,2,2
  34                             		.comm	_uart1RxFlag,1,1
  35                             		.comm	_uart1TxBuf,50,1
  36                             		.comm	_uart1TxCnt,2,2
  37                             		.comm	_uart1TxFlag,1,1
  38                             		.comm	_uart1RxErrFlag,1,1
  39                             		.comm	_uart1RxOvrFlag,1,1
  40                             		.comm	_uart1Status,2,2
  41                             		.section	.rodata
  42                             	.LC0:
  43 0000 61 0D 0A 00             		.string	"a\r\n"
  44                             	.LC1:
  45 0004 62 0D 0A 00             		.string	"b\r\n"
  46                             	.LC2:
  47 0008 63 0D 0A 00             		.string	"c\r\n"
  48                             	.LC3:
  49 000c 64 0D 0A 00             		.string	"d\r\n"
  50                             	.text
  51                             		.global	_main
  53                             	_main:
  54                             	.LFB0:
  55                             		.file 1 "../src/r_main.c"
   1:../src/r_main.c **** /**************************************************************************************************
   2:../src/r_main.c **** * DISCLAIMER
   3:../src/r_main.c **** * This software is supplied by Renesas Electronics Corporation and is only intended for use with Re
   4:../src/r_main.c **** * No other uses are authorized. This software is owned by Renesas Electronics Corporation and is pr
   5:../src/r_main.c **** * applicable laws, including copyright laws. 
   6:../src/r_main.c **** * THIS SOFTWARE IS PROVIDED "AS IS" AND RENESAS MAKES NO WARRANTIESREGARDING THIS SOFTWARE, WHETHER
   7:../src/r_main.c **** * OR STATUTORY, INCLUDING BUT NOT LIMITED TO WARRANTIES OF MERCHANTABILITY, FITNESS FOR A PARTICULA
   8:../src/r_main.c **** * NON-INFRINGEMENT.  ALL SUCH WARRANTIES ARE EXPRESSLY DISCLAIMED.TO THE MAXIMUM EXTENT PERMITTED N
   9:../src/r_main.c **** * LAW, NEITHER RENESAS ELECTRONICS CORPORATION NOR ANY OF ITS AFFILIATED COMPANIES SHALL BE LIABLE 
  10:../src/r_main.c **** * INDIRECT, SPECIAL, INCIDENTAL OR CONSEQUENTIAL DAMAGES FOR ANY REASON RELATED TO THIS SOFTWARE, E
  11:../src/r_main.c **** * ITS AFFILIATES HAVE BEEN ADVISED OF THE POSSIBILITY OF SUCH DAMAGES.
  12:../src/r_main.c **** * Renesas reserves the right, without notice, to make changes to this software and to discontinue t
  13:../src/r_main.c **** * of this software. By using this software, you agree to the additional terms and conditions found 
  14:../src/r_main.c **** * following link:
  15:../src/r_main.c **** * http://www.renesas.com/disclaimer
  16:../src/r_main.c **** *
  17:../src/r_main.c **** * Copyright (C) 2011, 2015 Renesas Electronics Corporation. All rights reserved.
  18:../src/r_main.c **** ***************************************************************************************************
  19:../src/r_main.c **** 
  20:../src/r_main.c **** /**************************************************************************************************
  21:../src/r_main.c **** * File Name    : r_main.c
  22:../src/r_main.c **** * Version      : CodeGenerator for RL78/G13 V2.03.02.01 [15 May 2015]
  23:../src/r_main.c **** * Device(s)    : R5F100LE
  24:../src/r_main.c **** * Tool-Chain   : GCCRL78
  25:../src/r_main.c **** * Description  : This file implements main function.
  26:../src/r_main.c **** * Creation Date: 2017/04/12
  27:../src/r_main.c **** ***************************************************************************************************
  28:../src/r_main.c **** 
  29:../src/r_main.c **** /**************************************************************************************************
  30:../src/r_main.c **** Includes
  31:../src/r_main.c **** ***************************************************************************************************
  32:../src/r_main.c **** #include "r_cg_macrodriver.h"
  33:../src/r_main.c **** #include "r_cg_cgc.h"
  34:../src/r_main.c **** #include "r_cg_port.h"
  35:../src/r_main.c **** #include "r_cg_serial.h"
  36:../src/r_main.c **** #include "r_cg_adc.h"
  37:../src/r_main.c **** #include "r_cg_timer.h"
  38:../src/r_main.c **** #include "r_cg_rtc.h"
  39:../src/r_main.c **** #include "r_cg_it.h"
  40:../src/r_main.c **** /* Start user code for include. Do not edit comment generated here */
  41:../src/r_main.c **** #include <string.h>
  42:../src/r_main.c **** /* End user code. Do not edit comment generated here */
  43:../src/r_main.c **** #include "r_cg_userdefine.h"
  44:../src/r_main.c **** 
  45:../src/r_main.c **** /**************************************************************************************************
  46:../src/r_main.c **** Global variables and functions
  47:../src/r_main.c **** ***************************************************************************************************
  48:../src/r_main.c **** /* Start user code for global. Do not edit comment generated here */
  49:../src/r_main.c **** uint8_t uart1RxBuf[RX_BUF_LEN];
  50:../src/r_main.c **** uint16_t uart1RxCnt;
  51:../src/r_main.c **** uint8_t uart1RxFlag;
  52:../src/r_main.c **** uint8_t uart1TxBuf[TX_BUF_LEN];
  53:../src/r_main.c **** uint16_t uart1TxCnt;
  54:../src/r_main.c **** uint8_t uart1TxFlag;
  55:../src/r_main.c **** uint8_t	uart1RxErrFlag;	// UART2 Receive Error Flag
  56:../src/r_main.c **** uint8_t uart1RxOvrFlag;	// UART2 Receive Overrun Flag
  57:../src/r_main.c **** MD_STATUS uart1Status;
  58:../src/r_main.c **** //extern uint8_t mem[RX_BUF_LEN];
  59:../src/r_main.c **** /* End user code. Do not edit comment generated here */
  60:../src/r_main.c **** void R_MAIN_UserInit(void);
  61:../src/r_main.c **** 
  62:../src/r_main.c **** /**************************************************************************************************
  63:../src/r_main.c **** * Function Name: main
  64:../src/r_main.c **** * Description  : This function implements main function.
  65:../src/r_main.c **** * Arguments    : None
  66:../src/r_main.c **** * Return Value : None
  67:../src/r_main.c **** ***************************************************************************************************
  68:../src/r_main.c **** void main(void)
  69:../src/r_main.c **** {
  56                             		.loc 1 69 0
  57                             		; start of function
  58                             		; locals: 10 bytes
  59                             		; outgoing: 4 bytes
  60 0000 20 0E                   		subw	sp, #14
  61                             	.LCFI0:
  70:../src/r_main.c ****     R_MAIN_UserInit();
  62                             		.loc 1 70 0
  63 0002 FC 00 00 00             		call	!!%code(_R_MAIN_UserInit)
  71:../src/r_main.c ****     /* Start user code. Do not edit comment generated here */
  72:../src/r_main.c **** 
  73:../src/r_main.c ****     R_UART1_Create();
  64                             		.loc 1 73 0
  65 0006 FC 00 00 00             		call	!!%code(_R_UART1_Create)
  74:../src/r_main.c ****     R_UART1_Start();
  66                             		.loc 1 74 0
  67 000a FC 00 00 00             		call	!!%code(_R_UART1_Start)
  75:../src/r_main.c **** 
  76:../src/r_main.c ****     R_IT_Create();
  68                             		.loc 1 76 0
  69 000e FC 00 00 00             		call	!!%code(_R_IT_Create)
  77:../src/r_main.c **** //  R_IT_Start();
  78:../src/r_main.c **** 
  79:../src/r_main.c ****     initLcd();
  70                             		.loc 1 79 0
  71 0012 FC 00 00 00             		call	!!%code(_initLcd)
  80:../src/r_main.c **** 
  81:../src/r_main.c ****     char welcome[] = "Welcome\x0d\x0a";
  72                             		.loc 1 81 0
  73 0016 30 57 65                		movw	ax, #25943
  74 0019 B8 04                   		movw	[sp+4], ax
  75 001b 30 6C 63                		movw	ax, #25452
  76 001e B8 06                   		movw	[sp+6], ax
  77 0020 30 6F 6D                		movw	ax, #28015
  78 0023 B8 08                   		movw	[sp+8], ax
  79 0025 30 65 0D                		movw	ax, #3429
  80 0028 B8 0A                   		movw	[sp+10], ax
  81 002a 30 0A 00                		movw	ax, #10
  82 002d B8 0C                   		movw	[sp+12], ax
  82:../src/r_main.c ****     R_UART1_Send(welcome,9);
  83                             		.loc 1 82 0
  84 002f C9 F0 0E 00             		movw	r8, #14
  85 0033 AE F8                   		movw	ax, sp
  86 0035 BD F0                   		movw	r8, ax
  87 0037 04 0E 00                		addw	ax, #14
  88 003a BD F0                   		movw	r8, ax
  89 003c 04 F6 FF                		addw	ax, #-10
  90 003f B8 00                   		movw	[sp], ax
  91 0041 30 09 00                		movw	ax, #9
  92 0044 B8 02                   		movw	[sp+2], ax
  93 0046 FC 00 00 00             		call	!!%code(_R_UART1_Send)
  83:../src/r_main.c **** 
  84:../src/r_main.c ****     uart1Status = R_UART1_Receive(&uart1RxBuf[0],1);
  94                             		.loc 1 84 0
  95 004a 30 00 00                		movw	ax, #_uart1RxBuf
  96 004d B8 00                   		movw	[sp], ax
  97 004f E6                      		onew	ax
  98 0050 B8 02                   		movw	[sp+2], ax
  99 0052 FC 00 00 00             		call	!!%code(_R_UART1_Receive)
 100 0056 AD F0                   		movw	ax, r8
 101 0058 BF 00 00                		movw	!_uart1Status, ax
 102                             	.L8:
  85:../src/r_main.c **** 
  86:../src/r_main.c ****     while (1U)
  87:../src/r_main.c ****     {
  88:../src/r_main.c **** 		 R_ADC_Set_OperationOn();
 103                             		.loc 1 88 0
 104 005b FC 00 00 00             		call	!!%code(_R_ADC_Set_OperationOn)
  89:../src/r_main.c **** 
  90:../src/r_main.c **** 		 while(ADCS);
 105                             		.loc 1 90 0
 106 005f 00                      		nop
 107                             	.L2:
 108                             		.loc 1 90 0 is_stmt 0 discriminator 1
 109 0060 C9 F0 30 FF             		movw	r8, #-208
 110 0064 AD F0                   		movw	ax, r8
 111 0066 BD F2                   		movw	r10, ax
 112 0068 FA F2                   		movw	hl, r10
 113 006a 8B                      		mov	a, [hl]
 114 006b 9D F0                   		mov	r8, a
 115 006d 31 7A                   		shr	a, 7
 116 006f 9D F0                   		mov	r8, a
 117 0071 D4 F0                   		cmp0	r8
 118 0073 61 E8                   		 skz
 119 0075 EC 60 00 00             		 br	!!.L2
  91:../src/r_main.c **** 
  92:../src/r_main.c **** 		 if(bounce_correction(&P5_bit, 5)){
 120                             		.loc 1 92 0 is_stmt 1
 121 0079 30 05 FF                		movw	ax, #-251
 122 007c B8 00                   		movw	[sp], ax
 123 007e 30 05 00                		movw	ax, #5
 124 0081 B8 02                   		movw	[sp+2], ax
 125 0083 FC 00 00 00             		call	!!%code(_bounce_correction)
 126 0087 D4 F0                   		cmp0	r8
 127 0089 61 F8                   		 sknz
 128 008b EC 9D 00 00             		 br	!!.L3
  93:../src/r_main.c **** 			 R_UART1_Send("a\x0d\x0a",3);
 129                             		.loc 1 93 0
 130 008f 30 00 00                		movw	ax, #.LC0
 131 0092 B8 00                   		movw	[sp], ax
 132 0094 30 03 00                		movw	ax, #3
 133 0097 B8 02                   		movw	[sp+2], ax
 134 0099 FC 00 00 00             		call	!!%code(_R_UART1_Send)
 135                             	.L3:
  94:../src/r_main.c **** 		 }
  95:../src/r_main.c **** 		 if(bounce_correction(&P5_bit, 4)){
 136                             		.loc 1 95 0
 137 009d 30 05 FF                		movw	ax, #-251
 138 00a0 B8 00                   		movw	[sp], ax
 139 00a2 30 04 00                		movw	ax, #4
 140 00a5 B8 02                   		movw	[sp+2], ax
 141 00a7 FC 00 00 00             		call	!!%code(_bounce_correction)
 142 00ab D4 F0                   		cmp0	r8
 143 00ad 61 F8                   		 sknz
 144 00af EC C1 00 00             		 br	!!.L4
  96:../src/r_main.c **** 		 	 R_UART1_Send("b\x0d\x0a",3);
 145                             		.loc 1 96 0
 146 00b3 30 04 00                		movw	ax, #.LC1
 147 00b6 B8 00                   		movw	[sp], ax
 148 00b8 30 03 00                		movw	ax, #3
 149 00bb B8 02                   		movw	[sp+2], ax
 150 00bd FC 00 00 00             		call	!!%code(_R_UART1_Send)
 151                             	.L4:
  97:../src/r_main.c **** 		 }
  98:../src/r_main.c **** 		 if(bounce_correction(&P5_bit, 3)){
 152                             		.loc 1 98 0
 153 00c1 30 05 FF                		movw	ax, #-251
 154 00c4 B8 00                   		movw	[sp], ax
 155 00c6 30 03 00                		movw	ax, #3
 156 00c9 B8 02                   		movw	[sp+2], ax
 157 00cb FC 00 00 00             		call	!!%code(_bounce_correction)
 158 00cf D4 F0                   		cmp0	r8
 159 00d1 61 F8                   		 sknz
 160 00d3 EC E5 00 00             		 br	!!.L5
  99:../src/r_main.c **** 		 	 R_UART1_Send("c\x0d\x0a",3);
 161                             		.loc 1 99 0
 162 00d7 30 08 00                		movw	ax, #.LC2
 163 00da B8 00                   		movw	[sp], ax
 164 00dc 30 03 00                		movw	ax, #3
 165 00df B8 02                   		movw	[sp+2], ax
 166 00e1 FC 00 00 00             		call	!!%code(_R_UART1_Send)
 167                             	.L5:
 100:../src/r_main.c **** 		 }
 101:../src/r_main.c **** 		 if(bounce_correction(&P5_bit, 2)){
 168                             		.loc 1 101 0
 169 00e5 30 05 FF                		movw	ax, #-251
 170 00e8 B8 00                   		movw	[sp], ax
 171 00ea 30 02 00                		movw	ax, #2
 172 00ed B8 02                   		movw	[sp+2], ax
 173 00ef FC 00 00 00             		call	!!%code(_bounce_correction)
 174 00f3 D4 F0                   		cmp0	r8
 175 00f5 61 F8                   		 sknz
 176 00f7 EC 09 01 00             		 br	!!.L6
 102:../src/r_main.c **** 		 	 R_UART1_Send("d\x0d\x0a",3);
 177                             		.loc 1 102 0
 178 00fb 30 0C 00                		movw	ax, #.LC3
 179 00fe B8 00                   		movw	[sp], ax
 180 0100 30 03 00                		movw	ax, #3
 181 0103 B8 02                   		movw	[sp+2], ax
 182 0105 FC 00 00 00             		call	!!%code(_R_UART1_Send)
 183                             	.L6:
 103:../src/r_main.c **** 		 }
 104:../src/r_main.c **** 
 105:../src/r_main.c ****             if (uart1RxFlag)
 184                             		.loc 1 105 0
 185 0109 8F 00 00                		mov	a, !_uart1RxFlag
 186 010c 9D F0                   		mov	r8, a
 187 010e D4 F0                   		cmp0	r8
 188 0110 61 F8                   		 sknz
 189 0112 EC 35 01 00             		 br	!!.L7
 106:../src/r_main.c ****             {
 107:../src/r_main.c ****             	uart1RxFlag = 0U;
 190                             		.loc 1 107 0
 191 0116 F5 00 00                		clrb	!_uart1RxFlag
 108:../src/r_main.c **** 
 109:../src/r_main.c ****             	populate(uart1RxBuf[0]);
 192                             		.loc 1 109 0
 193 0119 8F 00 00                		mov	a, !_uart1RxBuf
 194 011c 9D F0                   		mov	r8, a
 195 011e 98 00                   		mov	[sp], a
 196 0120 FC 00 00 00             		call	!!%code(_populate)
 110:../src/r_main.c **** 
 111:../src/r_main.c ****                 uart1Status = R_UART1_Receive(uart1RxBuf,1);
 197                             		.loc 1 111 0
 198 0124 30 00 00                		movw	ax, #_uart1RxBuf
 199 0127 B8 00                   		movw	[sp], ax
 200 0129 E6                      		onew	ax
 201 012a B8 02                   		movw	[sp+2], ax
 202 012c FC 00 00 00             		call	!!%code(_R_UART1_Receive)
 203 0130 AD F0                   		movw	ax, r8
 204 0132 BF 00 00                		movw	!_uart1Status, ax
 205                             	.L7:
 112:../src/r_main.c ****             }
 113:../src/r_main.c **** 
 114:../src/r_main.c **** 
 115:../src/r_main.c ****             //If a character has been transmitted
 116:../src/r_main.c **** //            if (ITIF != 0 && display == 1)
 117:../src/r_main.c **** //            {
 118:../src/r_main.c **** //            	displayLCD();
 119:../src/r_main.c **** //            	ITIF = 0U;
 120:../src/r_main.c **** //            }
 121:../src/r_main.c ****     }
 206                             		.loc 1 121 0
 207 0135 EC 5B 00 00             		br	!!.L8
 208                             	.LFE0:
 210                             		.global	_R_MAIN_UserInit
 212                             	_R_MAIN_UserInit:
 213                             	.LFB1:
 122:../src/r_main.c ****     /* End user code. Do not edit comment generated here */
 123:../src/r_main.c **** }
 124:../src/r_main.c **** 
 125:../src/r_main.c **** 
 126:../src/r_main.c **** /**************************************************************************************************
 127:../src/r_main.c **** * Function Name: R_MAIN_UserInit
 128:../src/r_main.c **** * Description  : This function adds user code before implementing main function.
 129:../src/r_main.c **** * Arguments    : None
 130:../src/r_main.c **** * Return Value : None
 131:../src/r_main.c **** ***************************************************************************************************
 132:../src/r_main.c **** void R_MAIN_UserInit(void)
 133:../src/r_main.c **** {
 214                             		.loc 1 133 0
 134:../src/r_main.c ****     /* Start user code. Do not edit comment generated here */
 135:../src/r_main.c ****     EI();
 215                             		.loc 1 135 0
 216                             	 ; 135 "../src/r_main.c" 1
 217 0139 71 7A FA                		ei
 218                             	 ; 0 "" 2
 136:../src/r_main.c ****     /* End user code. Do not edit comment generated here */
 137:../src/r_main.c **** }
 219                             		.loc 1 137 0
 220 013c D7                      		ret
 221                             	.LFE1:
 261                             	.Letext0:
 262                             		.file 2 "../src/iodefine.h"
 263                             		.file 3 "../src/r_cg_macrodriver.h"
 264                             		.file 4 "../src/globals.h"
